2018-08-22 09:38:46 +0000  Initial pipeline context: <IDEDistributionProcessingPipelineContext: 0x7fb6488193d0; archive(resolved)='<IDEArchive: 0x7fb68607f540>', distributionTask(resolved)='2', distributionMethod(resolved)='<IDEDistributionMethodiOSAppStoreExport: 0x7fb6537b1310>', team(resolved)='<IDEProvisioningBasicTeam: 0x7fb6483afa50; teamID='2TUS8V5SW7', teamName='Shanghai Linduoduo Information Technology Co., Ltd.'>'>
	Chain (11, self inclusive):
	<IDEDistributionProcessingPipelineContext: 0x7fb6488193d0; archive = '<IDEArchive: 0x7fb68607f540>', distributionMethod='<IDEDistributionMethodiOSAppStoreExport: 0x7fb6537b1310>', team='<IDEProvisioningBasicTeam: 0x7fb6483afa50; teamID='2TUS8V5SW7', teamName='Shanghai Linduoduo Information Technology Co., Ltd.'>'>
	<IDEDistributionProcessingPipelineContext: 0x7fb6476cc360; archive = '<IDEArchive: 0x7fb68607f540>', distributionMethod='<IDEDistributionMethodiOSAppStoreExport: 0x7fb6537b1310>', team='<IDEProvisioningBasicTeam: 0x7fb6483afa50; teamID='2TUS8V5SW7', teamName='Shanghai Linduoduo Information Technology Co., Ltd.'>'>
	<IDEDistributionContext: 0x7fb6461accf0; archive = '<IDEArchive: 0x7fb68607f540>', distributionMethod='<IDEDistributionMethodiOSAppStoreExport: 0x7fb6537b1310>', team='<IDEProvisioningBasicTeam: 0x7fb6483afa50; teamID='2TUS8V5SW7', teamName='Shanghai Linduoduo Information Technology Co., Ltd.'>'>
	<IDEDistributionContext: 0x7fb64750ccd0; archive = '<IDEArchive: 0x7fb68607f540>', distributionMethod='<IDEDistributionMethodiOSAppStoreExport: 0x7fb6537b1310>', team='<IDEProvisioningBasicTeam: 0x7fb6483afa50; teamID='2TUS8V5SW7', teamName='Shanghai Linduoduo Information Technology Co., Ltd.'>'>
	<IDEDistributionContext: 0x7fb64776e9e0; archive = '<IDEArchive: 0x7fb68607f540>', distributionMethod='<IDEDistributionMethodiOSAppStoreExport: 0x7fb6537b1310>', team='<IDEProvisioningBasicTeam: 0x7fb6483afa50; teamID='2TUS8V5SW7', teamName='Shanghai Linduoduo Information Technology Co., Ltd.'>'>
	<IDEDistributionContext: 0x7fb641e21ee0; archive = '<IDEArchive: 0x7fb68607f540>', distributionMethod='<IDEDistributionMethodiOSAppStoreExport: 0x7fb6537b1310>', team='<IDEProvisioningBasicTeam: 0x7fb6483afa50; teamID='2TUS8V5SW7', teamName='Shanghai Linduoduo Information Technology Co., Ltd.'>'>
	<IDEDistributionContext: 0x7fb64114e1d0; archive = '<IDEArchive: 0x7fb68607f540>', distributionMethod='<IDEDistributionMethodiOSAppStoreExport: 0x7fb6537b1310>', team='<IDEProvisioningBasicTeam: 0x7fb6483afa50; teamID='2TUS8V5SW7', teamName='Shanghai Linduoduo Information Technology Co., Ltd.'>'>
	<IDEDistributionContext: 0x7fb666c4fbf0; archive = '<IDEArchive: 0x7fb68607f540>', distributionMethod='<IDEDistributionMethodiOSAppStoreExport: 0x7fb6537b1310>', team='<IDEProvisioningBasicTeam: 0x7fb6483afa50; teamID='2TUS8V5SW7', teamName='Shanghai Linduoduo Information Technology Co., Ltd.'>'>
	<IDEDistributionContext: 0x7fb641115ed0; archive = '<IDEArchive: 0x7fb68607f540>', distributionMethod='<IDEDistributionMethodiOSAppStoreExport: 0x7fb6537b1310>', team='<IDEProvisioningBasicTeam: 0x7fb6483afa50; teamID='2TUS8V5SW7', teamName='Shanghai Linduoduo Information Technology Co., Ltd.'>'>
	<IDEDistributionContext: 0x7fb6436b3010; archive = '<IDEArchive: 0x7fb68607f540>', distributionMethod='<IDEDistributionMethodiOSAppStoreExport: 0x7fb6537b1310>', team='(null)'>
	<IDEDistributionContext: 0x7fb6688bf580; archive = '<IDEArchive: 0x7fb68607f540>', distributionMethod='(null)', team='(null)'>
</IDEDistributionProcessingPipelineContext: 0x7fb6488193d0>
2018-08-22 09:38:46 +0000  Processing step: IDEDistributionCreateDestRootStep
2018-08-22 09:38:46 +0000  Processing step: IDEDistributionCopyItemStep
2018-08-22 09:38:46 +0000  Running /usr/bin/ditto '-V' '/Users/0dodo/Library/Developer/Xcode/Archives/2018-08-22/LddMerchant 2018-8-22 下午5.29.xcarchive/Products/Applications/LddMerchant.app' '/var/folders/jz/rrbqngx154948mvqzxj4m6rc0000gp/T/XcodeDistPipeline.oAX/Root/Payload/LddMerchant.app'
2018-08-22 09:38:46 +0000  >>> Copying /Users/0dodo/Library/Developer/Xcode/Archives/2018-08-22/LddMerchant 2018-8-22 下午5.29.xcarchive/Products/Applications/LddMerchant.app 
2018-08-22 09:38:46 +0000  copying file ./1.jpg ... 
2018-08-22 09:38:46 +0000  34650 bytes for ./1.jpg
copying file ./2.png ... 
2018-08-22 09:38:46 +0000  451496 bytes for ./2.png
copying file ./3.png ... 
2018-08-22 09:38:46 +0000  463153 bytes for ./3.png
2018-08-22 09:38:46 +0000  copying file ./_CodeSignature/CodeResources ... 
2018-08-22 09:38:46 +0000  88098 bytes for ./_CodeSignature/CodeResources
2018-08-22 09:38:46 +0000  copying file ./AboutUs.html ... 
1361 bytes for ./AboutUs.html
copying file ./AboutUsLogo.png ... 
2018-08-22 09:38:46 +0000  10642 bytes for ./AboutUsLogo.png
2018-08-22 09:38:46 +0000  copying file ./AMap.bundle/AMap3D.bundle/3d_sky_day.data ... 
2018-08-22 09:38:46 +0000  44612 bytes for ./AMap.bundle/AMap3D.bundle/3d_sky_day.data
copying file ./AMap.bundle/AMap3D.bundle/3d_sky_night.data ... 
2018-08-22 09:38:46 +0000  51008 bytes for ./AMap.bundle/AMap3D.bundle/3d_sky_night.data
copying file ./AMap.bundle/AMap3D.bundle/3dlandscape.xml ... 
2018-08-22 09:38:46 +0000  3890 bytes for ./AMap.bundle/AMap3D.bundle/3dlandscape.xml
copying file ./AMap.bundle/AMap3D.bundle/3dportrait.xml ... 
2018-08-22 09:38:46 +0000  3890 bytes for ./AMap.bundle/AMap3D.bundle/3dportrait.xml
copying file ./AMap.bundle/AMap3D.bundle/bktile.data ... 
2018-08-22 09:38:46 +0000  151 bytes for ./AMap.bundle/AMap3D.bundle/bktile.data
copying file ./AMap.bundle/AMap3D.bundle/bktile_n.data ... 
145 bytes for ./AMap.bundle/AMap3D.bundle/bktile_n.data
copying file ./AMap.bundle/AMap3D.bundle/building.data ... 
996 bytes for ./AMap.bundle/AMap3D.bundle/building.data
copying file ./AMap.bundle/AMap3D.bundle/config_1_1_1470722888.data ... 
2018-08-22 09:38:46 +0000  10442 bytes for ./AMap.bundle/AMap3D.bundle/config_1_1_1470722888.data
copying file ./AMap.bundle/AMap3D.bundle/config_2_1_1470363686.data ... 
2018-08-22 09:38:46 +0000  640 bytes for ./AMap.bundle/AMap3D.bundle/config_2_1_1470363686.data
copying file ./AMap.bundle/AMap3D.bundle/dash.data ... 
2018-08-22 09:38:46 +0000  21896 bytes for ./AMap.bundle/AMap3D.bundle/dash.data
copying file ./AMap.bundle/AMap3D.bundle/dash_cd.data ... 
2018-08-22 09:38:46 +0000  21896 bytes for ./AMap.bundle/AMap3D.bundle/dash_cd.data
copying file ./AMap.bundle/AMap3D.bundle/dash_tq.data ... 
2018-08-22 09:38:46 +0000  21896 bytes for ./AMap.bundle/AMap3D.bundle/dash_tq.data
copying file ./AMap.bundle/AMap3D.bundle/icons_11_10_1467005909.data ... 
2018-08-22 09:38:46 +0000  42623 bytes for ./AMap.bundle/AMap3D.bundle/icons_11_10_1467005909.data
copying file ./AMap.bundle/AMap3D.bundle/icons_1_10_1472518901.data ... 
2018-08-22 09:38:46 +0000  126637 bytes for ./AMap.bundle/AMap3D.bundle/icons_1_10_1472518901.data
copying file ./AMap.bundle/AMap3D.bundle/icons_26_10_1476066932.data ... 
2018-08-22 09:38:46 +0000  111275 bytes for ./AMap.bundle/AMap3D.bundle/icons_26_10_1476066932.data
copying file ./AMap.bundle/AMap3D.bundle/icons_27_10_1475031813.data ... 
2018-08-22 09:38:46 +0000  130110 bytes for ./AMap.bundle/AMap3D.bundle/icons_27_10_1475031813.data
copying file ./AMap.bundle/AMap3D.bundle/icons_2_10_1467277925.data ... 
2018-08-22 09:38:46 +0000  198138 bytes for ./AMap.bundle/AMap3D.bundle/icons_2_10_1467277925.data
2018-08-22 09:38:46 +0000  copying file ./AMap.bundle/AMap3D.bundle/icons_3_10_1472614463.data ... 
2018-08-22 09:38:46 +0000  116447 bytes for ./AMap.bundle/AMap3D.bundle/icons_3_10_1472614463.data
copying file ./AMap.bundle/AMap3D.bundle/icons_4_10_1467115754.data ... 
2018-08-22 09:38:46 +0000  158418 bytes for ./AMap.bundle/AMap3D.bundle/icons_4_10_1467115754.data
2018-08-22 09:38:46 +0000  copying file ./AMap.bundle/AMap3D.bundle/icons_50_10_1470645645.data ... 
84376 bytes for ./AMap.bundle/AMap3D.bundle/icons_50_10_1470645645.data
copying file ./AMap.bundle/AMap3D.bundle/icons_5_10_1471231608.data ... 
2018-08-22 09:38:46 +0000  65195 bytes for ./AMap.bundle/AMap3D.bundle/icons_5_10_1471231608.data
copying file ./AMap.bundle/AMap3D.bundle/icons_6_10_1472699628.data ... 
2018-08-22 09:38:46 +0000  48444 bytes for ./AMap.bundle/AMap3D.bundle/icons_6_10_1472699628.data
copying file ./AMap.bundle/AMap3D.bundle/icons_7_10_1467115754.data ... 
2018-08-22 09:38:46 +0000  63506 bytes for ./AMap.bundle/AMap3D.bundle/icons_7_10_1467115754.data
2018-08-22 09:38:46 +0000  copying file ./AMap.bundle/AMap3D.bundle/icons_8_10_1467115754.data ... 
2018-08-22 09:38:46 +0000  160499 bytes for ./AMap.bundle/AMap3D.bundle/icons_8_10_1467115754.data
copying file ./AMap.bundle/AMap3D.bundle/icons_9_10_1476066932.data ... 
2018-08-22 09:38:46 +0000  129883 bytes for ./AMap.bundle/AMap3D.bundle/icons_9_10_1476066932.data
copying file ./AMap.bundle/AMap3D.bundle/lineround.data ... 
2018-08-22 09:38:46 +0000  10974 bytes for ./AMap.bundle/AMap3D.bundle/lineround.data
copying file ./AMap.bundle/AMap3D.bundle/roadarrow.data ... 
2018-08-22 09:38:46 +0000  43824 bytes for ./AMap.bundle/AMap3D.bundle/roadarrow.data
copying file ./AMap.bundle/AMap3D.bundle/search_scenic_icon.data ... 
2018-08-22 09:38:46 +0000  42623 bytes for ./AMap.bundle/AMap3D.bundle/search_scenic_icon.data
copying file ./AMap.bundle/AMap3D.bundle/style_100_10_1467006152.data ... 
2018-08-22 09:38:46 +0000  2614 bytes for ./AMap.bundle/AMap3D.bundle/style_100_10_1467006152.data
copying file ./AMap.bundle/AMap3D.bundle/style_10_10_1472718686.data ... 
2018-08-22 09:38:46 +0000  6717 bytes for ./AMap.bundle/AMap3D.bundle/style_10_10_1472718686.data
copying file ./AMap.bundle/AMap3D.bundle/style_12_10_1467006104.data ... 
2018-08-22 09:38:46 +0000  13348 bytes for ./AMap.bundle/AMap3D.bundle/style_12_10_1467006104.data
copying file ./AMap.bundle/AMap3D.bundle/style_13_10_1472699980.data ... 
2018-08-22 09:38:46 +0000  8895 bytes for ./AMap.bundle/AMap3D.bundle/style_13_10_1472699980.data
copying file ./AMap.bundle/AMap3D.bundle/style_14_10_1476175930.data ... 
2018-08-22 09:38:46 +0000  13704 bytes for ./AMap.bundle/AMap3D.bundle/style_14_10_1476175930.data
copying file ./AMap.bundle/AMap3D.bundle/style_15_10_1467006143.data ... 
2018-08-22 09:38:46 +0000  13654 bytes for ./AMap.bundle/AMap3D.bundle/style_15_10_1467006143.data
copying file ./AMap.bundle/AMap3D.bundle/style_17_10_1470361281.data ... 
2018-08-22 09:38:46 +0000  282 bytes for ./AMap.bundle/AMap3D.bundle/style_17_10_1470361281.data
copying file ./AMap.bundle/AMap3D.bundle/style_1_10_1475122281.data ... 
2018-08-22 09:38:46 +0000  15682 bytes for ./AMap.bundle/AMap3D.bundle/style_1_10_1475122281.data
copying file ./AMap.bundle/AMap3D.bundle/style_30_10_1475122377.data ... 
2018-08-22 09:38:46 +0000  15449 bytes for ./AMap.bundle/AMap3D.bundle/style_30_10_1475122377.data
copying file ./AMap.bundle/AMap3D.bundle/style_31_10_1475122403.data ... 
2018-08-22 09:38:46 +0000  15518 bytes for ./AMap.bundle/AMap3D.bundle/style_31_10_1475122403.data
copying file ./AMap.bundle/AMap3D.bundle/style_32_10_1475122426.data ... 
2018-08-22 09:38:46 +0000  15483 bytes for ./AMap.bundle/AMap3D.bundle/style_32_10_1475122426.data
copying file ./AMap.bundle/AMap3D.bundle/style_33_10_1475921327.data ... 
2018-08-22 09:38:46 +0000  15629 bytes for ./AMap.bundle/AMap3D.bundle/style_33_10_1475921327.data
copying file ./AMap.bundle/AMap3D.bundle/style_3_10_1475122322.data ... 
2018-08-22 09:38:46 +0000  11708 bytes for ./AMap.bundle/AMap3D.bundle/style_3_10_1475122322.data
2018-08-22 09:38:46 +0000  copying file ./AMap.bundle/AMap3D.bundle/style_4_10_1475129354.data ... 
2018-08-22 09:38:46 +0000  7942 bytes for ./AMap.bundle/AMap3D.bundle/style_4_10_1475129354.data
copying file ./AMap.bundle/AMap3D.bundle/style_50_10_1470645645.data ... 
2018-08-22 09:38:46 +0000  1347 bytes for ./AMap.bundle/AMap3D.bundle/style_50_10_1470645645.data
copying file ./AMap.bundle/AMap3D.bundle/style_5_10_1473055896.data ... 
2018-08-22 09:38:46 +0000  7854 bytes for ./AMap.bundle/AMap3D.bundle/style_5_10_1473055896.data
2018-08-22 09:38:46 +0000  copying file ./AMap.bundle/AMap3D.bundle/style_6_10_1475122353.data ... 
2018-08-22 09:38:46 +0000  11952 bytes for ./AMap.bundle/AMap3D.bundle/style_6_10_1475122353.data
copying file ./AMap.bundle/AMap3D.bundle/style_8_10_1472699781.data ... 
2018-08-22 09:38:46 +0000  8125 bytes for ./AMap.bundle/AMap3D.bundle/style_8_10_1472699781.data
copying file ./AMap.bundle/AMap3D.bundle/tbl.data ... 
2018-08-22 09:38:46 +0000  21896 bytes for ./AMap.bundle/AMap3D.bundle/tbl.data
copying file ./AMap.bundle/AMap3D.bundle/tbl_l.data ... 
2018-08-22 09:38:46 +0000  21896 bytes for ./AMap.bundle/AMap3D.bundle/tbl_l.data
2018-08-22 09:38:46 +0000  copying file ./AMap.bundle/AMap3D.bundle/tbl_n.data ... 
2018-08-22 09:38:46 +0000  21896 bytes for ./AMap.bundle/AMap3D.bundle/tbl_n.data
copying file ./AMap.bundle/AMap3D.bundle/tgl.data ... 
2018-08-22 09:38:46 +0000  21896 bytes for ./AMap.bundle/AMap3D.bundle/tgl.data
copying file ./AMap.bundle/AMap3D.bundle/tgl_l.data ... 
2018-08-22 09:38:46 +0000  21896 bytes for ./AMap.bundle/AMap3D.bundle/tgl_l.data
copying file ./AMap.bundle/AMap3D.bundle/tgl_n.data ... 
2018-08-22 09:38:46 +0000  21896 bytes for ./AMap.bundle/AMap3D.bundle/tgl_n.data
copying file ./AMap.bundle/AMap3D.bundle/tmc_blind_amble.data ... 
2018-08-22 09:38:46 +0000  21896 bytes for ./AMap.bundle/AMap3D.bundle/tmc_blind_amble.data
copying file ./AMap.bundle/AMap3D.bundle/tmc_blind_congestion.data ... 
2018-08-22 09:38:46 +0000  21896 bytes for ./AMap.bundle/AMap3D.bundle/tmc_blind_congestion.data
copying file ./AMap.bundle/AMap3D.bundle/tmc_blind_null.data ... 
2018-08-22 09:38:46 +0000  21896 bytes for ./AMap.bundle/AMap3D.bundle/tmc_blind_null.data
2018-08-22 09:38:46 +0000  copying file ./AMap.bundle/AMap3D.bundle/tmc_blind_severe_congestion.data ... 
2018-08-22 09:38:46 +0000  21896 bytes for ./AMap.bundle/AMap3D.bundle/tmc_blind_severe_congestion.data
copying file ./AMap.bundle/AMap3D.bundle/tmc_blind_smoothly.data ... 
2018-08-22 09:38:46 +0000  21896 bytes for ./AMap.bundle/AMap3D.bundle/tmc_blind_smoothly.data
copying file ./AMap.bundle/AMap3D.bundle/tnl.data ... 
2018-08-22 09:38:46 +0000  21896 bytes for ./AMap.bundle/AMap3D.bundle/tnl.data
2018-08-22 09:38:46 +0000  copying file ./AMap.bundle/AMap3D.bundle/tnl_l.data ... 
21896 bytes for ./AMap.bundle/AMap3D.bundle/tnl_l.data
copying file ./AMap.bundle/AMap3D.bundle/tnl_n.data ... 
2018-08-22 09:38:46 +0000  21896 bytes for ./AMap.bundle/AMap3D.bundle/tnl_n.data
copying file ./AMap.bundle/AMap3D.bundle/trl.data ... 
2018-08-22 09:38:46 +0000  21896 bytes for ./AMap.bundle/AMap3D.bundle/trl.data
2018-08-22 09:38:46 +0000  copying file ./AMap.bundle/AMap3D.bundle/trl_l.data ... 
2018-08-22 09:38:46 +0000  21896 bytes for ./AMap.bundle/AMap3D.bundle/trl_l.data
copying file ./AMap.bundle/AMap3D.bundle/trl_n.data ... 
2018-08-22 09:38:46 +0000  21896 bytes for ./AMap.bundle/AMap3D.bundle/trl_n.data
2018-08-22 09:38:46 +0000  copying file ./AMap.bundle/AMap3D.bundle/tyl.data ... 
2018-08-22 09:38:46 +0000  21896 bytes for ./AMap.bundle/AMap3D.bundle/tyl.data
copying file ./AMap.bundle/AMap3D.bundle/tyl_l.data ... 
2018-08-22 09:38:46 +0000  21896 bytes for ./AMap.bundle/AMap3D.bundle/tyl_l.data
copying file ./AMap.bundle/AMap3D.bundle/tyl_n.data ... 
2018-08-22 09:38:46 +0000  21896 bytes for ./AMap.bundle/AMap3D.bundle/tyl_n.data
2018-08-22 09:38:46 +0000  copying file ./AMap.bundle/AMap3D.bundle/VM3DRes/cross_bg.png ... 
2018-08-22 09:38:46 +0000  1101 bytes for ./AMap.bundle/AMap3D.bundle/VM3DRes/cross_bg.png
copying file ./AMap.bundle/AMap3D.bundle/VM3DRes/cross_bg_day.png ... 
2018-08-22 09:38:46 +0000  86 bytes for ./AMap.bundle/AMap3D.bundle/VM3DRes/cross_bg_day.png
copying file ./AMap.bundle/AMap3D.bundle/VM3DRes/cross_bg_night.png ... 
2018-08-22 09:38:46 +0000  14612 bytes for ./AMap.bundle/AMap3D.bundle/VM3DRes/cross_bg_night.png
copying file ./AMap.bundle/AMap3D.bundle/VM3DRes/d_yellow.png ... 
2018-08-22 09:38:46 +0000  2901 bytes for ./AMap.bundle/AMap3D.bundle/VM3DRes/d_yellow.png
copying file ./AMap.bundle/AMap3D.bundle/VM3DRes/d_yellow_day.png ... 
2018-08-22 09:38:46 +0000  2901 bytes for ./AMap.bundle/AMap3D.bundle/VM3DRes/d_yellow_day.png
copying file ./AMap.bundle/AMap3D.bundle/VM3DRes/d_yellow_night.png ... 
2018-08-22 09:38:46 +0000  2901 bytes for ./AMap.bundle/AMap3D.bundle/VM3DRes/d_yellow_night.png
copying file ./AMap.bundle/AMap3D.bundle/VM3DRes/grass_day.png ... 
2018-08-22 09:38:46 +0000  86 bytes for ./AMap.bundle/AMap3D.bundle/VM3DRes/grass_day.png
copying file ./AMap.bundle/AMap3D.bundle/VM3DRes/grass_night.png ... 
2018-08-22 09:38:46 +0000  86 bytes for ./AMap.bundle/AMap3D.bundle/VM3DRes/grass_night.png
copying file ./AMap.bundle/AMap3D.bundle/VM3DRes/road_bottom.png ... 
2018-08-22 09:38:46 +0000  86 bytes for ./AMap.bundle/AMap3D.bundle/VM3DRes/road_bottom.png
copying file ./AMap.bundle/AMap3D.bundle/VM3DRes/road_bottom_day.png ... 
86 bytes for ./AMap.bundle/AMap3D.bundle/VM3DRes/road_bottom_day.png
copying file ./AMap.bundle/AMap3D.bundle/VM3DRes/road_bottom_night.png ... 
2018-08-22 09:38:46 +0000  86 bytes for ./AMap.bundle/AMap3D.bundle/VM3DRes/road_bottom_night.png
copying file ./AMap.bundle/AMap3D.bundle/VM3DRes/roadbk_main.png ... 
86 bytes for ./AMap.bundle/AMap3D.bundle/VM3DRes/roadbk_main.png
2018-08-22 09:38:46 +0000  copying file ./AMap.bundle/AMap3D.bundle/VM3DRes/roadbk_main_day.png ... 
86 bytes for ./AMap.bundle/AMap3D.bundle/VM3DRes/roadbk_main_day.png
copying file ./AMap.bundle/AMap3D.bundle/VM3DRes/roadbk_main_night.png ... 
86 bytes for ./AMap.bundle/AMap3D.bundle/VM3DRes/roadbk_main_night.png
copying file ./AMap.bundle/AMap3D.bundle/waterline.data ... 
2849 bytes for ./AMap.bundle/AMap3D.bundle/waterline.data
copying file ./AMap.bundle/Bundle3D.plist ... 
2018-08-22 09:38:46 +0000  2046 bytes for ./AMap.bundle/Bundle3D.plist
copying file ./AMap.bundle/images/arrow_line_inner.png ... 
316 bytes for ./AMap.bundle/images/arrow_line_inner.png
copying file ./AMap.bundle/images/calloutArrowMask.png ... 
323 bytes for ./AMap.bundle/images/calloutArrowMask.png
copying file ./AMap.bundle/images/calloutArrowMask@2x.png ... 
572 bytes for ./AMap.bundle/images/calloutArrowMask@2x.png
copying file ./AMap.bundle/images/greenPin.png ... 
988 bytes for ./AMap.bundle/images/greenPin.png
copying file ./AMap.bundle/images/greenPin@2x.png ... 
1893 bytes for ./AMap.bundle/images/greenPin@2x.png
copying file ./AMap.bundle/images/greenPin@3x.png ... 
2844 bytes for ./AMap.bundle/images/greenPin@3x.png
copying file ./AMap.bundle/images/greenPin_lift.png ... 
425 bytes for ./AMap.bundle/images/greenPin_lift.png
copying file ./AMap.bundle/images/greenPin_lift@2x.png ... 
960 bytes for ./AMap.bundle/images/greenPin_lift@2x.png
copying file ./AMap.bundle/images/greenPin_lift@3x.png ... 
1401 bytes for ./AMap.bundle/images/greenPin_lift@3x.png
copying file ./AMap.bundle/images/lineDashTexture.png ... 
194 bytes for ./AMap.bundle/images/lineDashTexture.png
copying file ./AMap.bundle/images/lineDashTextureThin.png ... 
224 bytes for ./AMap.bundle/images/lineDashTextureThin.png
copying file ./AMap.bundle/images/lineTexture.png ... 
2830 bytes for ./AMap.bundle/images/lineTexture.png
copying file ./AMap.bundle/images/lineTextureThin.png ... 
243 bytes for ./AMap.bundle/images/lineTextureThin.png
copying file ./AMap.bundle/images/marker_blue.png ... 
1972 bytes for ./AMap.bundle/images/marker_blue.png
copying file ./AMap.bundle/images/marker_blue@2x.png ... 
2547 bytes for ./AMap.bundle/images/marker_blue@2x.png
copying file ./AMap.bundle/images/pin_shadow.png ... 
609 bytes for ./AMap.bundle/images/pin_shadow.png
copying file ./AMap.bundle/images/pin_shadow@2x.png ... 
1155 bytes for ./AMap.bundle/images/pin_shadow@2x.png
copying file ./AMap.bundle/images/pin_shadow@3x.png ... 
1817 bytes for ./AMap.bundle/images/pin_shadow@3x.png
copying file ./AMap.bundle/images/purplePin.png ... 
988 bytes for ./AMap.bundle/images/purplePin.png
copying file ./AMap.bundle/images/purplePin@2x.png ... 
1873 bytes for ./AMap.bundle/images/purplePin@2x.png
copying file ./AMap.bundle/images/purplePin@3x.png ... 
2844 bytes for ./AMap.bundle/images/purplePin@3x.png
copying file ./AMap.bundle/images/purplePin_lift.png ... 
418 bytes for ./AMap.bundle/images/purplePin_lift.png
copying file ./AMap.bundle/images/purplePin_lift@2x.png ... 
960 bytes for ./AMap.bundle/images/purplePin_lift@2x.png
copying file ./AMap.bundle/images/purplePin_lift@3x.png ... 
1406 bytes for ./AMap.bundle/images/purplePin_lift@3x.png
copying file ./AMap.bundle/images/redPin.png ... 
986 bytes for ./AMap.bundle/images/redPin.png
copying file ./AMap.bundle/images/redPin@2x.png ... 
1878 bytes for ./AMap.bundle/images/redPin@2x.png
copying file ./AMap.bundle/images/redPin@3x.png ... 
2848 bytes for ./AMap.bundle/images/redPin@3x.png
copying file ./AMap.bundle/images/redPin_lift.png ... 
418 bytes for ./AMap.bundle/images/redPin_lift.png
copying file ./AMap.bundle/images/redPin_lift@2x.png ... 
955 bytes for ./AMap.bundle/images/redPin_lift@2x.png
copying file ./AMap.bundle/images/redPin_lift@3x.png ... 
1405 bytes for ./AMap.bundle/images/redPin_lift@3x.png
copying file ./AMap.bundle/images/select_.png ... 
1082 bytes for ./AMap.bundle/images/select_.png
copying file ./AMap.bundle/images/select_@2x.png ... 
1082 bytes for ./AMap.bundle/images/select_@2x.png
copying file ./AMap.bundle/images/select_@3x.png ... 
2162 bytes for ./AMap.bundle/images/select_@3x.png
copying file ./AMap.bundle/offline/offlinePackage.plist ... 
2018-08-22 09:38:46 +0000  102476 bytes for ./AMap.bundle/offline/offlinePackage.plist
copying file ./AppIcon20x20@2x.png ... 
2258 bytes for ./AppIcon20x20@2x.png
copying file ./AppIcon20x20@3x.png ... 
3634 bytes for ./AppIcon20x20@3x.png
copying file ./AppIcon29x29@2x.png ... 
3516 bytes for ./AppIcon29x29@2x.png
copying file ./AppIcon29x29@3x.png ... 
2018-08-22 09:38:47 +0000  5334 bytes for ./AppIcon29x29@3x.png
copying file ./AppIcon40x40@2x.png ... 
2018-08-22 09:38:47 +0000  4888 bytes for ./AppIcon40x40@2x.png
copying file ./AppIcon40x40@3x.png ... 
2018-08-22 09:38:47 +0000  8351 bytes for ./AppIcon40x40@3x.png
copying file ./AppIcon60x60@2x.png ... 
2018-08-22 09:38:47 +0000  8351 bytes for ./AppIcon60x60@2x.png
copying file ./AppIcon60x60@3x.png ... 
2018-08-22 09:38:47 +0000  11060 bytes for ./AppIcon60x60@3x.png
copying file ./Area.plist ... 
2018-08-22 09:38:47 +0000  43611 bytes for ./Area.plist
copying file ./Assets.car ... 
2018-08-22 09:38:47 +0000  14652600 bytes for ./Assets.car
copying file ./AuthenticationViewController.nib ... 
2018-08-22 09:38:47 +0000  17464 bytes for ./AuthenticationViewController.nib
copying file ./Base.lproj/LaunchScreen.storyboardc/01J-lp-oVM-view-Ze5-6b-2t3.nib ... 
1791 bytes for ./Base.lproj/LaunchScreen.storyboardc/01J-lp-oVM-view-Ze5-6b-2t3.nib
copying file ./Base.lproj/LaunchScreen.storyboardc/Info.plist ... 
258 bytes for ./Base.lproj/LaunchScreen.storyboardc/Info.plist
copying file ./Base.lproj/LaunchScreen.storyboardc/UIViewController-01J-lp-oVM.nib ... 
832 bytes for ./Base.lproj/LaunchScreen.storyboardc/UIViewController-01J-lp-oVM.nib
copying file ./Base.lproj/Main.storyboardc/BYZ-38-t0r-view-8bC-Xf-vdC.nib ... 
1792 bytes for ./Base.lproj/Main.storyboardc/BYZ-38-t0r-view-8bC-Xf-vdC.nib
copying file ./Base.lproj/Main.storyboardc/Info.plist ... 
258 bytes for ./Base.lproj/Main.storyboardc/Info.plist
copying file ./Base.lproj/Main.storyboardc/UIViewController-BYZ-38-t0r.nib ... 
916 bytes for ./Base.lproj/Main.storyboardc/UIViewController-BYZ-38-t0r.nib
copying file ./btn_original_circle.png ... 
1037 bytes for ./btn_original_circle.png
copying file ./btn_original_circle@2x.png ... 
1885 bytes for ./btn_original_circle@2x.png
copying file ./btn_original_circle@3x.png ... 
2668 bytes for ./btn_original_circle@3x.png
copying file ./btn_selected.png ... 
3296 bytes for ./btn_selected.png
copying file ./btn_selected@2x.png ... 
4042 bytes for ./btn_selected@2x.png
copying file ./btn_selected@3x.png ... 
2018-08-22 09:38:47 +0000  4615 bytes for ./btn_selected@3x.png
copying file ./defaultphoto.png ... 
2018-08-22 09:38:47 +0000  2474 bytes for ./defaultphoto.png
copying file ./embedded.mobileprovision ... 
2018-08-22 09:38:47 +0000  7687 bytes for ./embedded.mobileprovision
copying file ./ForgetPasswordViewController.nib ... 
2018-08-22 09:38:47 +0000  7606 bytes for ./ForgetPasswordViewController.nib
2018-08-22 09:38:47 +0000  copying file ./FreeServicePackageViewController.nib ... 
2018-08-22 09:38:47 +0000  6767 bytes for ./FreeServicePackageViewController.nib
2018-08-22 09:38:47 +0000  copying file ./gpsnormal@2x.png ... 
767 bytes for ./gpsnormal@2x.png
copying file ./gpsnormal@3x.png ... 
2018-08-22 09:38:47 +0000  1563 bytes for ./gpsnormal@3x.png
copying file ./gpssearchbutton@2x.png ... 
2018-08-22 09:38:47 +0000  1248 bytes for ./gpssearchbutton@2x.png
copying file ./gpssearchbutton@3x.png ... 
2018-08-22 09:38:47 +0000  2493 bytes for ./gpssearchbutton@3x.png
copying file ./guide_image_1@2x.png ... 
2018-08-22 09:38:47 +0000  146335 bytes for ./guide_image_1@2x.png
copying file ./guide_image_1@3x.png ... 
2018-08-22 09:38:47 +0000  146335 bytes for ./guide_image_1@3x.png
copying file ./guide_image_2@2x.png ... 
2018-08-22 09:38:47 +0000  103596 bytes for ./guide_image_2@2x.png
copying file ./guide_image_2@3x.png ... 
2018-08-22 09:38:47 +0000  103596 bytes for ./guide_image_2@3x.png
copying file ./HomeMoreViewController.nib ... 
2018-08-22 09:38:47 +0000  2084 bytes for ./HomeMoreViewController.nib
copying file ./HomeTableViewCell.nib ... 
2018-08-22 09:38:47 +0000  7725 bytes for ./HomeTableViewCell.nib
copying file ./HomeViewController.nib ... 
2018-08-22 09:38:47 +0000  974 bytes for ./HomeViewController.nib
copying file ./Info.plist ... 
2018-08-22 09:38:47 +0000  2787 bytes for ./Info.plist
copying file ./IQKeyboardManager.bundle/IQButtonBarArrowDown@2x.png ... 
2018-08-22 09:38:47 +0000  1764 bytes for ./IQKeyboardManager.bundle/IQButtonBarArrowDown@2x.png
copying file ./IQKeyboardManager.bundle/IQButtonBarArrowDown@3x.png ... 
2018-08-22 09:38:47 +0000  2177 bytes for ./IQKeyboardManager.bundle/IQButtonBarArrowDown@3x.png
copying file ./IQKeyboardManager.bundle/IQButtonBarArrowLeft@2x.png ... 
1793 bytes for ./IQKeyboardManager.bundle/IQButtonBarArrowLeft@2x.png
copying file ./IQKeyboardManager.bundle/IQButtonBarArrowLeft@3x.png ... 
2018-08-22 09:38:47 +0000  1815 bytes for ./IQKeyboardManager.bundle/IQButtonBarArrowLeft@3x.png
copying file ./IQKeyboardManager.bundle/IQButtonBarArrowRight@2x.png ... 
2018-08-22 09:38:47 +0000  1786 bytes for ./IQKeyboardManager.bundle/IQButtonBarArrowRight@2x.png
copying file ./IQKeyboardManager.bundle/IQButtonBarArrowRight@3x.png ... 
2018-08-22 09:38:47 +0000  1844 bytes for ./IQKeyboardManager.bundle/IQButtonBarArrowRight@3x.png
copying file ./IQKeyboardManager.bundle/IQButtonBarArrowUp@2x.png ... 
2018-08-22 09:38:47 +0000  1769 bytes for ./IQKeyboardManager.bundle/IQButtonBarArrowUp@2x.png
copying file ./IQKeyboardManager.bundle/IQButtonBarArrowUp@3x.png ... 
2164 bytes for ./IQKeyboardManager.bundle/IQButtonBarArrowUp@3x.png
2018-08-22 09:38:47 +0000  copying file ./LaunchImage-1100-Portrait-2436h@3x.png ... 
2018-08-22 09:38:47 +0000  326979 bytes for ./LaunchImage-1100-Portrait-2436h@3x.png
copying file ./LaunchImage-700-568h@2x.png ... 
2018-08-22 09:38:47 +0000  116667 bytes for ./LaunchImage-700-568h@2x.png
copying file ./LaunchImage-700@2x.png ... 
2018-08-22 09:38:47 +0000  103654 bytes for ./LaunchImage-700@2x.png
copying file ./LaunchImage-800-667h@2x.png ... 
2018-08-22 09:38:47 +0000  140645 bytes for ./LaunchImage-800-667h@2x.png
copying file ./LaunchImage-800-Portrait-736h@3x.png ... 
2018-08-22 09:38:47 +0000  269498 bytes for ./LaunchImage-800-Portrait-736h@3x.png
2018-08-22 09:38:47 +0000  copying file ./LddMerchant ... 
2018-08-22 09:38:48 +0000  107974080 bytes for ./LddMerchant
2018-08-22 09:38:48 +0000  copying file ./MJRefresh.bundle/arrow@2x.png ... 
1033 bytes for ./MJRefresh.bundle/arrow@2x.png
copying file ./MJRefresh.bundle/en.lproj/Localizable.strings ... 
1372 bytes for ./MJRefresh.bundle/en.lproj/Localizable.strings
copying file ./MJRefresh.bundle/zh-Hans.lproj/Localizable.strings ... 
1194 bytes for ./MJRefresh.bundle/zh-Hans.lproj/Localizable.strings
copying file ./MJRefresh.bundle/zh-Hant.lproj/Localizable.strings ... 
773 bytes for ./MJRefresh.bundle/zh-Hant.lproj/Localizable.strings
copying file ./ModifyPasswordViewController.nib ... 
2018-08-22 09:38:48 +0000  6446 bytes for ./ModifyPasswordViewController.nib
copying file ./MyMsgCell.nib ... 
2018-08-22 09:38:48 +0000  4965 bytes for ./MyMsgCell.nib
copying file ./NLCertificationViewController.nib ... 
2018-08-22 09:38:48 +0000  13521 bytes for ./NLCertificationViewController.nib
copying file ./NUllViewCell.nib ... 
2018-08-22 09:38:48 +0000  3413 bytes for ./NUllViewCell.nib
copying file ./NUllViewEstimateCell.nib ... 
2018-08-22 09:38:48 +0000  3577 bytes for ./NUllViewEstimateCell.nib
copying file ./NYBindThirdPartAccountInfoViewController.nib ... 
2018-08-22 09:38:49 +0000  4948 bytes for ./NYBindThirdPartAccountInfoViewController.nib
copying file ./NYSelectServerAddressViewController.nib/objects-11.0+.nib ... 
2018-08-22 09:38:49 +0000  5684 bytes for ./NYSelectServerAddressViewController.nib/objects-11.0+.nib
copying file ./NYSelectServerAddressViewController.nib/runtime.nib ... 
2018-08-22 09:38:49 +0000  5754 bytes for ./NYSelectServerAddressViewController.nib/runtime.nib
2018-08-22 09:38:49 +0000  copying file ./NYThirdPardBindMobileViewController.nib ... 
2018-08-22 09:38:49 +0000  6350 bytes for ./NYThirdPardBindMobileViewController.nib
copying file ./NYWebViewController.nib ... 
2018-08-22 09:38:49 +0000  1639 bytes for ./NYWebViewController.nib
copying file ./PersonCenterViewController.nib ... 
2018-08-22 09:38:49 +0000  2181 bytes for ./PersonCenterViewController.nib
copying file ./PhotoAuthenticationViewController.nib ... 
2018-08-22 09:38:49 +0000  4684 bytes for ./PhotoAuthenticationViewController.nib
copying file ./PkgInfo ... 
2018-08-22 09:38:49 +0000  8 bytes for ./PkgInfo
copying file ./RealNameViewController.nib ... 
2018-08-22 09:38:49 +0000  6559 bytes for ./RealNameViewController.nib
copying file ./Register_Protocal.html ... 
2018-08-22 09:38:49 +0000  13577 bytes for ./Register_Protocal.html
copying file ./Secrecy_Protocal.html ... 
2018-08-22 09:38:49 +0000  31888 bytes for ./Secrecy_Protocal.html
copying file ./ServicePackageListTableViewCell.nib ... 
2018-08-22 09:38:49 +0000  3817 bytes for ./ServicePackageListTableViewCell.nib
copying file ./ServiceTypeCollectionViewCell.nib ... 
2018-08-22 09:38:49 +0000  3513 bytes for ./ServiceTypeCollectionViewCell.nib
copying file ./ServiceTypeViewController.nib ... 
2018-08-22 09:38:49 +0000  3279 bytes for ./ServiceTypeViewController.nib
copying file ./SubmitAuthSuccessViewController.nib ... 
2018-08-22 09:38:49 +0000  4416 bytes for ./SubmitAuthSuccessViewController.nib
copying file ./SVProgressHUD.bundle/angle-mask.png ... 
2018-08-22 09:38:49 +0000  1845 bytes for ./SVProgressHUD.bundle/angle-mask.png
copying file ./SVProgressHUD.bundle/angle-mask@2x.png ... 
2018-08-22 09:38:49 +0000  4893 bytes for ./SVProgressHUD.bundle/angle-mask@2x.png
copying file ./SVProgressHUD.bundle/angle-mask@3x.png ... 
2018-08-22 09:38:49 +0000  8319 bytes for ./SVProgressHUD.bundle/angle-mask@3x.png
copying file ./SVProgressHUD.bundle/error.png ... 
2018-08-22 09:38:49 +0000  184 bytes for ./SVProgressHUD.bundle/error.png
copying file ./SVProgressHUD.bundle/error@2x.png ... 
2018-08-22 09:38:49 +0000  306 bytes for ./SVProgressHUD.bundle/error@2x.png
copying file ./SVProgressHUD.bundle/error@3x.png ... 
2018-08-22 09:38:49 +0000  398 bytes for ./SVProgressHUD.bundle/error@3x.png
copying file ./SVProgressHUD.bundle/info.png ... 
365 bytes for ./SVProgressHUD.bundle/info.png
copying file ./SVProgressHUD.bundle/info@2x.png ... 
2018-08-22 09:38:49 +0000  816 bytes for ./SVProgressHUD.bundle/info@2x.png
copying file ./SVProgressHUD.bundle/info@3x.png ... 
2018-08-22 09:38:49 +0000  1200 bytes for ./SVProgressHUD.bundle/info@3x.png
copying file ./SVProgressHUD.bundle/success.png ... 
2018-08-22 09:38:49 +0000  262 bytes for ./SVProgressHUD.bundle/success.png
copying file ./SVProgressHUD.bundle/success@2x.png ... 
2018-08-22 09:38:49 +0000  462 bytes for ./SVProgressHUD.bundle/success@2x.png
copying file ./SVProgressHUD.bundle/success@3x.png ... 
2018-08-22 09:38:49 +0000  714 bytes for ./SVProgressHUD.bundle/success@3x.png
copying file ./TencentOpenApi_IOS_Bundle.bundle/error.png ... 
2018-08-22 09:38:49 +0000  1578 bytes for ./TencentOpenApi_IOS_Bundle.bundle/error.png
copying file ./TencentOpenApi_IOS_Bundle.bundle/Info.plist ... 
2018-08-22 09:38:49 +0000  589 bytes for ./TencentOpenApi_IOS_Bundle.bundle/Info.plist
copying file ./TencentOpenApi_IOS_Bundle.bundle/local.html ... 
2018-08-22 09:38:49 +0000  4556 bytes for ./TencentOpenApi_IOS_Bundle.bundle/local.html
2018-08-22 09:38:49 +0000  copying file ./TencentOpenApi_IOS_Bundle.bundle/qqicon.png ... 
1855 bytes for ./TencentOpenApi_IOS_Bundle.bundle/qqicon.png
copying file ./TencentOpenApi_IOS_Bundle.bundle/success.png ... 
2018-08-22 09:38:49 +0000  1761 bytes for ./TencentOpenApi_IOS_Bundle.bundle/success.png
copying file ./wateRedBlank@2x.png ... 
2018-08-22 09:38:49 +0000  2380 bytes for ./wateRedBlank@2x.png
copying file ./wateRedBlank@3x.png ... 
2018-08-22 09:38:49 +0000  4252 bytes for ./wateRedBlank@3x.png
2018-08-22 09:38:49 +0000  copying file ./WeiboSDK.bundle/images/common_button_white@2x.png ... 
2018-08-22 09:38:49 +0000  367 bytes for ./WeiboSDK.bundle/images/common_button_white@2x.png
copying file ./WeiboSDK.bundle/images/common_button_white_highlighted@2x.png ... 
2018-08-22 09:38:49 +0000  378 bytes for ./WeiboSDK.bundle/images/common_button_white_highlighted@2x.png
copying file ./WeiboSDK.bundle/images/empty_failed@2x.png ... 
2018-08-22 09:38:49 +0000  4136 bytes for ./WeiboSDK.bundle/images/empty_failed@2x.png
copying file ./WeiboSDK.bundle/others/mfp.cer ... 
2018-08-22 09:38:49 +0000  577 bytes for ./WeiboSDK.bundle/others/mfp.cer
2018-08-22 09:38:49 +0000  copying file ./zh-Hans.lproj/LaunchScreen.strings ... 
2018-08-22 09:38:49 +0000  1 bytes for ./zh-Hans.lproj/LaunchScreen.strings
copying file ./zh-Hans.lproj/Main.strings ... 
2018-08-22 09:38:49 +0000  1 bytes for ./zh-Hans.lproj/Main.strings
copying file ./ZLPhotoActionSheet.nib ... 
2018-08-22 09:38:49 +0000  6205 bytes for ./ZLPhotoActionSheet.nib
2018-08-22 09:38:49 +0000  copying file ./ZLPhotoBrowser.bundle/btn_circle@2x.png ... 
2018-08-22 09:38:49 +0000  1540 bytes for ./ZLPhotoBrowser.bundle/btn_circle@2x.png
copying file ./ZLPhotoBrowser.bundle/btn_circle@3x.png ... 
2018-08-22 09:38:49 +0000  3814 bytes for ./ZLPhotoBrowser.bundle/btn_circle@3x.png
copying file ./ZLPhotoBrowser.bundle/btn_original_circle.png ... 
2018-08-22 09:38:49 +0000  1037 bytes for ./ZLPhotoBrowser.bundle/btn_original_circle.png
copying file ./ZLPhotoBrowser.bundle/btn_original_circle@2x.png ... 
2018-08-22 09:38:49 +0000  1885 bytes for ./ZLPhotoBrowser.bundle/btn_original_circle@2x.png
copying file ./ZLPhotoBrowser.bundle/btn_original_circle@3x.png ... 
2018-08-22 09:38:49 +0000  2668 bytes for ./ZLPhotoBrowser.bundle/btn_original_circle@3x.png
copying file ./ZLPhotoBrowser.bundle/btn_rotate.png ... 
2018-08-22 09:38:49 +0000  8924 bytes for ./ZLPhotoBrowser.bundle/btn_rotate.png
2018-08-22 09:38:49 +0000  copying file ./ZLPhotoBrowser.bundle/btn_selected.png ... 
3296 bytes for ./ZLPhotoBrowser.bundle/btn_selected.png
copying file ./ZLPhotoBrowser.bundle/btn_selected@2x.png ... 
2018-08-22 09:38:49 +0000  4042 bytes for ./ZLPhotoBrowser.bundle/btn_selected@2x.png
copying file ./ZLPhotoBrowser.bundle/btn_selected@3x.png ... 
2018-08-22 09:38:49 +0000  4615 bytes for ./ZLPhotoBrowser.bundle/btn_selected@3x.png
copying file ./ZLPhotoBrowser.bundle/btn_unselected.png ... 
2018-08-22 09:38:49 +0000  3313 bytes for ./ZLPhotoBrowser.bundle/btn_unselected.png
copying file ./ZLPhotoBrowser.bundle/btn_unselected@2x.png ... 
2018-08-22 09:38:49 +0000  4084 bytes for ./ZLPhotoBrowser.bundle/btn_unselected@2x.png
copying file ./ZLPhotoBrowser.bundle/btn_unselected@3x.png ... 
2018-08-22 09:38:49 +0000  4884 bytes for ./ZLPhotoBrowser.bundle/btn_unselected@3x.png
copying file ./ZLPhotoBrowser.bundle/defaultphoto.png ... 
2018-08-22 09:38:49 +0000  2474 bytes for ./ZLPhotoBrowser.bundle/defaultphoto.png
2018-08-22 09:38:49 +0000  copying file ./ZLPhotoBrowser.bundle/en.lproj/Localizable.strings ... 
1526 bytes for ./ZLPhotoBrowser.bundle/en.lproj/Localizable.strings
2018-08-22 09:38:49 +0000  copying file ./ZLPhotoBrowser.bundle/ja-US.lproj/Localizable.strings ... 
2018-08-22 09:38:49 +0000  1751 bytes for ./ZLPhotoBrowser.bundle/ja-US.lproj/Localizable.strings
copying file ./ZLPhotoBrowser.bundle/livePhoto@2x.png ... 
2018-08-22 09:38:49 +0000  2032 bytes for ./ZLPhotoBrowser.bundle/livePhoto@2x.png
copying file ./ZLPhotoBrowser.bundle/livePhoto@3x.png ... 
2018-08-22 09:38:49 +0000  3462 bytes for ./ZLPhotoBrowser.bundle/livePhoto@3x.png
copying file ./ZLPhotoBrowser.bundle/lock.png ... 
2018-08-22 09:38:49 +0000  22135 bytes for ./ZLPhotoBrowser.bundle/lock.png
copying file ./ZLPhotoBrowser.bundle/navBackBtn@2x.png ... 
2018-08-22 09:38:49 +0000  116 bytes for ./ZLPhotoBrowser.bundle/navBackBtn@2x.png
copying file ./ZLPhotoBrowser.bundle/playVideo@2x.png ... 
2018-08-22 09:38:49 +0000  21247 bytes for ./ZLPhotoBrowser.bundle/playVideo@2x.png
copying file ./ZLPhotoBrowser.bundle/playVideo@3x.png ... 
2018-08-22 09:38:49 +0000  23821 bytes for ./ZLPhotoBrowser.bundle/playVideo@3x.png
copying file ./ZLPhotoBrowser.bundle/takePhoto@2x.png ... 
2018-08-22 09:38:49 +0000  1420 bytes for ./ZLPhotoBrowser.bundle/takePhoto@2x.png
copying file ./ZLPhotoBrowser.bundle/takePhoto@3x.png ... 
2018-08-22 09:38:49 +0000  2218 bytes for ./ZLPhotoBrowser.bundle/takePhoto@3x.png
copying file ./ZLPhotoBrowser.bundle/video@2x.png ... 
1034 bytes for ./ZLPhotoBrowser.bundle/video@2x.png
copying file ./ZLPhotoBrowser.bundle/video@3x.png ... 
2018-08-22 09:38:49 +0000  1275 bytes for ./ZLPhotoBrowser.bundle/video@3x.png
copying file ./ZLPhotoBrowser.bundle/videoLoadFailed@2x.png ... 
637 bytes for ./ZLPhotoBrowser.bundle/videoLoadFailed@2x.png
copying file ./ZLPhotoBrowser.bundle/videoLoadFailed@3x.png ... 
2018-08-22 09:38:49 +0000  801 bytes for ./ZLPhotoBrowser.bundle/videoLoadFailed@3x.png
copying file ./ZLPhotoBrowser.bundle/videoView@2x.png ... 
2018-08-22 09:38:49 +0000  15373 bytes for ./ZLPhotoBrowser.bundle/videoView@2x.png
copying file ./ZLPhotoBrowser.bundle/videoView@3x.png ... 
15761 bytes for ./ZLPhotoBrowser.bundle/videoView@3x.png
copying file ./ZLPhotoBrowser.bundle/zh-Hans.lproj/Localizable.strings ... 
1555 bytes for ./ZLPhotoBrowser.bundle/zh-Hans.lproj/Localizable.strings
copying file ./ZLPhotoBrowser.bundle/zh-Hant.lproj/Localizable.strings ... 
1555 bytes for ./ZLPhotoBrowser.bundle/zh-Hant.lproj/Localizable.strings
copying file ./ZLPhotoBrowserCell.nib ... 
3763 bytes for ./ZLPhotoBrowserCell.nib
copying file ./ZLThumbnailViewController.nib ... 
2018-08-22 09:38:49 +0000  6775 bytes for ./ZLThumbnailViewController.nib
2018-08-22 09:38:49 +0000  
2018-08-22 09:38:49 +0000  2018-08-22 09:38:49 +0000  /usr/bin/ditto exited with 0

2018-08-22 09:38:49 +0000  
2018-08-22 09:38:49 +0000  Processing step: IDEDistributionEmbedProfileStep
2018-08-22 09:38:49 +0000  Processing step: IDEDistributionItemRemovalStep
2018-08-22 09:38:49 +0000  Processing step: IDEDistributionAppThinningPlistStep
2018-08-22 09:38:49 +0000  Skipping step: IDEDistributionAppThinningPlistStep because it said so
2018-08-22 09:38:49 +0000  Processing step: IDEDistributionCompileBitcodeStep
2018-08-22 09:38:49 +0000  Skipping step: IDEDistributionCompileBitcodeStep because it said so
2018-08-22 09:38:49 +0000  Processing step: IDEDistributionCodeSlimmingStep
2018-08-22 09:38:50 +0000  Processing step: IDEDistributionCopyBCSymbolMapsStep
2018-08-22 09:38:51 +0000  Running /usr/bin/ditto '-V' '/Users/0dodo/Library/Developer/Xcode/Archives/2018-08-22/LddMerchant 2018-8-22 下午5.29.xcarchive/BCSymbolMaps/B90D0E38-DD0C-3146-A4EA-8B5C872FE210.bcsymbolmap' '/var/folders/jz/rrbqngx154948mvqzxj4m6rc0000gp/T/XcodeDistPipeline.oAX/Root/BCSymbolMaps/B90D0E38-DD0C-3146-A4EA-8B5C872FE210.bcsymbolmap'
2018-08-22 09:38:51 +0000  >>> Copying /Users/0dodo/Library/Developer/Xcode/Archives/2018-08-22/LddMerchant 2018-8-22 下午5.29.xcarchive/BCSymbolMaps/B90D0E38-DD0C-3146-A4EA-8B5C872FE210.bcsymbolmap 
2018-08-22 09:38:51 +0000  copying file ./B90D0E38-DD0C-3146-A4EA-8B5C872FE210.bcsymbolmap ... 
2018-08-22 09:38:51 +0000  1958065 bytes for ./B90D0E38-DD0C-3146-A4EA-8B5C872FE210.bcsymbolmap
2018-08-22 09:38:51 +0000  
2018-08-22 09:38:51 +0000  /usr/bin/ditto exited with 0
2018-08-22 09:38:51 +0000  
2018-08-22 09:38:51 +0000  
2018-08-22 09:38:51 +0000  Running /usr/bin/ditto '-V' '/Users/0dodo/Library/Developer/Xcode/Archives/2018-08-22/LddMerchant 2018-8-22 下午5.29.xcarchive/BCSymbolMaps/85B3E6AB-04D5-3CD6-8C9C-A626C696A1D3.bcsymbolmap' '/var/folders/jz/rrbqngx154948mvqzxj4m6rc0000gp/T/XcodeDistPipeline.oAX/Root/BCSymbolMaps/85B3E6AB-04D5-3CD6-8C9C-A626C696A1D3.bcsymbolmap'
2018-08-22 09:38:51 +0000  >>> Copying /Users/0dodo/Library/Developer/Xcode/Archives/2018-08-22/LddMerchant 2018-8-22 下午5.29.xcarchive/BCSymbolMaps/85B3E6AB-04D5-3CD6-8C9C-A626C696A1D3.bcsymbolmap 
2018-08-22 09:38:51 +0000  copying file ./85B3E6AB-04D5-3CD6-8C9C-A626C696A1D3.bcsymbolmap ... 
2018-08-22 09:38:51 +0000  1966370 bytes for ./85B3E6AB-04D5-3CD6-8C9C-A626C696A1D3.bcsymbolmap
2018-08-22 09:38:51 +0000  
2018-08-22 09:38:51 +0000  /usr/bin/ditto exited with 0
2018-08-22 09:38:51 +0000  
2018-08-22 09:38:51 +0000  
2018-08-22 09:38:51 +0000  Processing step: IDEDistributionSymbolsStep
2018-08-22 09:38:51 +0000  Excluding symbols for LddMerchant.app
2018-08-22 09:38:51 +0000  Processing step: IDEDistributionCopyAppleProvidedContentStep
2018-08-22 09:38:51 +0000  Processing step: IDEDistributionAppThinningStep
2018-08-22 09:38:51 +0000  Skipping step: IDEDistributionAppThinningStep because it said so
2018-08-22 09:38:51 +0000  Processing step: IDEDistributionODRStep
2018-08-22 09:38:51 +0000  Processing step: IDEDistributionStripXattrsStep
2018-08-22 09:38:51 +0000  Running /usr/bin/xattr '-crs' '/var/folders/jz/rrbqngx154948mvqzxj4m6rc0000gp/T/XcodeDistPipeline.oAX/Root/Payload/LddMerchant.app'
2018-08-22 09:38:52 +0000  
2018-08-22 09:38:52 +0000  
2018-08-22 09:38:52 +0000  /usr/bin/xattr exited with 02018-08-22 09:38:52 +0000  

2018-08-22 09:38:52 +0000  
2018-08-22 09:38:52 +0000  Processing step: IDEDistributionCodesignStep
2018-08-22 09:38:52 +0000  Entitlements for <IDEDistributionItem: 0x7fb63fe11cf0 'com.ldd.vendor' '<DVTFilePath:0x7fb63fec70a0:'/Users/0dodo/Library/Developer/Xcode/Archives/2018-08-22/LddMerchant 2018-8-22 下午5.29.xcarchive/Products/Applications/LddMerchant.app'>'>: {
    "application-identifier" = "2TUS8V5SW7.com.ldd.vendor";
    "aps-environment" = production;
    "beta-reports-active" = 1;
    "com.apple.developer.team-identifier" = 2TUS8V5SW7;
    "get-task-allow" = 0;
}
2018-08-22 09:38:52 +0000  Writing entitlements for <IDEDistributionItem: 0x7fb63fe11cf0 'com.ldd.vendor' '<DVTFilePath:0x7fb63fec70a0:'/Users/0dodo/Library/Developer/Xcode/Archives/2018-08-22/LddMerchant 2018-8-22 下午5.29.xcarchive/Products/Applications/LddMerchant.app'>'> to: /var/folders/jz/rrbqngx154948mvqzxj4m6rc0000gp/T/XcodeDistPipeline.oAX/entitlementsgTMAQj
2018-08-22 09:38:52 +0000  Running /usr/bin/codesign '-vvv' '--force' '--sign' '83E731DCCCF977F6C5320CDAB97A189AEC05824F' '--preserve-metadata=identifier,flags' '--entitlements' '/var/folders/jz/rrbqngx154948mvqzxj4m6rc0000gp/T/XcodeDistPipeline.oAX/entitlementsgTMAQj' '/var/folders/jz/rrbqngx154948mvqzxj4m6rc0000gp/T/XcodeDistPipeline.oAX/Root/Payload/LddMerchant.app'
2018-08-22 09:38:55 +0000  /var/folders/jz/rrbqngx154948mvqzxj4m6rc0000gp/T/XcodeDistPipeline.oAX/Root/Payload/LddMerchant.app: signed app bundle with Mach-O universal (armv7 arm64) [com.ldd.vendor]
2018-08-22 09:38:55 +0000  
2018-08-22 09:38:55 +0000  2018-08-22 09:38:55 +0000  /usr/bin/codesign exited with 0

2018-08-22 09:38:55 +0000  
2018-08-22 09:38:55 +0000  2018-08-22 09:38:55 +0000  Processing step: IDEDistributionStreamingZipItemStep

2018-08-22 09:38:55 +0000  Skipping step: IDEDistributionStreamingZipItemStep because it said so
2018-08-22 09:38:55 +0000  Processing step: IDEDistributionCreateIPAStep
2018-08-22 09:38:55 +0000  Running /usr/bin/ditto '-V' '-c' '-k' '--norsrc' '/var/folders/jz/rrbqngx154948mvqzxj4m6rc0000gp/T/XcodeDistPipeline.oAX/Root' '/var/folders/jz/rrbqngx154948mvqzxj4m6rc0000gp/T/XcodeDistPipeline.oAX/Packages/LddMerchant.ipa'
2018-08-22 09:38:55 +0000  >>> Copying /var/folders/jz/rrbqngx154948mvqzxj4m6rc0000gp/T/XcodeDistPipeline.oAX/Root 
2018-08-22 09:38:55 +0000  copying file ./BCSymbolMaps/85B3E6AB-04D5-3CD6-8C9C-A626C696A1D3.bcsymbolmap ... 
2018-08-22 09:38:55 +0000  1966370 bytes for ./BCSymbolMaps/85B3E6AB-04D5-3CD6-8C9C-A626C696A1D3.bcsymbolmap
copying file ./BCSymbolMaps/B90D0E38-DD0C-3146-A4EA-8B5C872FE210.bcsymbolmap ... 
2018-08-22 09:38:55 +0000  1958065 bytes for ./BCSymbolMaps/B90D0E38-DD0C-3146-A4EA-8B5C872FE210.bcsymbolmap
2018-08-22 09:38:55 +0000  copying file ./Payload/LddMerchant.app/1.jpg ... 
2018-08-22 09:38:55 +0000  34650 bytes for ./Payload/LddMerchant.app/1.jpg
copying file ./Payload/LddMerchant.app/2.png ... 
2018-08-22 09:38:55 +0000  451496 bytes for ./Payload/LddMerchant.app/2.png
copying file ./Payload/LddMerchant.app/3.png ... 
2018-08-22 09:38:55 +0000  463153 bytes for ./Payload/LddMerchant.app/3.png
2018-08-22 09:38:55 +0000  copying file ./Payload/LddMerchant.app/_CodeSignature/CodeResources ... 
2018-08-22 09:38:55 +0000  88098 bytes for ./Payload/LddMerchant.app/_CodeSignature/CodeResources
2018-08-22 09:38:55 +0000  copying file ./Payload/LddMerchant.app/AboutUs.html ... 
1361 bytes for ./Payload/LddMerchant.app/AboutUs.html
copying file ./Payload/LddMerchant.app/AboutUsLogo.png ... 
2018-08-22 09:38:55 +0000  10642 bytes for ./Payload/LddMerchant.app/AboutUsLogo.png
2018-08-22 09:38:55 +0000  copying file ./Payload/LddMerchant.app/AMap.bundle/AMap3D.bundle/3d_sky_day.data ... 
2018-08-22 09:38:55 +0000  44612 bytes for ./Payload/LddMerchant.app/AMap.bundle/AMap3D.bundle/3d_sky_day.data
copying file ./Payload/LddMerchant.app/AMap.bundle/AMap3D.bundle/3d_sky_night.data ... 
2018-08-22 09:38:55 +0000  51008 bytes for ./Payload/LddMerchant.app/AMap.bundle/AMap3D.bundle/3d_sky_night.data
copying file ./Payload/LddMerchant.app/AMap.bundle/AMap3D.bundle/3dlandscape.xml ... 
2018-08-22 09:38:55 +0000  3890 bytes for ./Payload/LddMerchant.app/AMap.bundle/AMap3D.bundle/3dlandscape.xml
copying file ./Payload/LddMerchant.app/AMap.bundle/AMap3D.bundle/3dportrait.xml ... 
2018-08-22 09:38:55 +0000  3890 bytes for ./Payload/LddMerchant.app/AMap.bundle/AMap3D.bundle/3dportrait.xml
copying file ./Payload/LddMerchant.app/AMap.bundle/AMap3D.bundle/bktile.data ... 
151 bytes for ./Payload/LddMerchant.app/AMap.bundle/AMap3D.bundle/bktile.data
copying file ./Payload/LddMerchant.app/AMap.bundle/AMap3D.bundle/bktile_n.data ... 
145 bytes for ./Payload/LddMerchant.app/AMap.bundle/AMap3D.bundle/bktile_n.data
copying file ./Payload/LddMerchant.app/AMap.bundle/AMap3D.bundle/building.data ... 
2018-08-22 09:38:55 +0000  996 bytes for ./Payload/LddMerchant.app/AMap.bundle/AMap3D.bundle/building.data
copying file ./Payload/LddMerchant.app/AMap.bundle/AMap3D.bundle/config_1_1_1470722888.data ... 
10442 bytes for ./Payload/LddMerchant.app/AMap.bundle/AMap3D.bundle/config_1_1_1470722888.data
copying file ./Payload/LddMerchant.app/AMap.bundle/AMap3D.bundle/config_2_1_1470363686.data ... 
2018-08-22 09:38:55 +0000  640 bytes for ./Payload/LddMerchant.app/AMap.bundle/AMap3D.bundle/config_2_1_1470363686.data
copying file ./Payload/LddMerchant.app/AMap.bundle/AMap3D.bundle/dash.data ... 
21896 bytes for ./Payload/LddMerchant.app/AMap.bundle/AMap3D.bundle/dash.data
copying file ./Payload/LddMerchant.app/AMap.bundle/AMap3D.bundle/dash_cd.data ... 
2018-08-22 09:38:55 +0000  21896 bytes for ./Payload/LddMerchant.app/AMap.bundle/AMap3D.bundle/dash_cd.data
copying file ./Payload/LddMerchant.app/AMap.bundle/AMap3D.bundle/dash_tq.data ... 
2018-08-22 09:38:55 +0000  21896 bytes for ./Payload/LddMerchant.app/AMap.bundle/AMap3D.bundle/dash_tq.data
copying file ./Payload/LddMerchant.app/AMap.bundle/AMap3D.bundle/icons_11_10_1467005909.data ... 
2018-08-22 09:38:55 +0000  42623 bytes for ./Payload/LddMerchant.app/AMap.bundle/AMap3D.bundle/icons_11_10_1467005909.data
copying file ./Payload/LddMerchant.app/AMap.bundle/AMap3D.bundle/icons_1_10_1472518901.data ... 
2018-08-22 09:38:55 +0000  126637 bytes for ./Payload/LddMerchant.app/AMap.bundle/AMap3D.bundle/icons_1_10_1472518901.data
copying file ./Payload/LddMerchant.app/AMap.bundle/AMap3D.bundle/icons_26_10_1476066932.data ... 
2018-08-22 09:38:55 +0000  111275 bytes for ./Payload/LddMerchant.app/AMap.bundle/AMap3D.bundle/icons_26_10_1476066932.data
copying file ./Payload/LddMerchant.app/AMap.bundle/AMap3D.bundle/icons_27_10_1475031813.data ... 
2018-08-22 09:38:55 +0000  130110 bytes for ./Payload/LddMerchant.app/AMap.bundle/AMap3D.bundle/icons_27_10_1475031813.data
copying file ./Payload/LddMerchant.app/AMap.bundle/AMap3D.bundle/icons_2_10_1467277925.data ... 
2018-08-22 09:38:55 +0000  198138 bytes for ./Payload/LddMerchant.app/AMap.bundle/AMap3D.bundle/icons_2_10_1467277925.data
copying file ./Payload/LddMerchant.app/AMap.bundle/AMap3D.bundle/icons_3_10_1472614463.data ... 
2018-08-22 09:38:55 +0000  116447 bytes for ./Payload/LddMerchant.app/AMap.bundle/AMap3D.bundle/icons_3_10_1472614463.data
copying file ./Payload/LddMerchant.app/AMap.bundle/AMap3D.bundle/icons_4_10_1467115754.data ... 
2018-08-22 09:38:55 +0000  158418 bytes for ./Payload/LddMerchant.app/AMap.bundle/AMap3D.bundle/icons_4_10_1467115754.data
copying file ./Payload/LddMerchant.app/AMap.bundle/AMap3D.bundle/icons_50_10_1470645645.data ... 
2018-08-22 09:38:55 +0000  84376 bytes for ./Payload/LddMerchant.app/AMap.bundle/AMap3D.bundle/icons_50_10_1470645645.data
copying file ./Payload/LddMerchant.app/AMap.bundle/AMap3D.bundle/icons_5_10_1471231608.data ... 
2018-08-22 09:38:55 +0000  65195 bytes for ./Payload/LddMerchant.app/AMap.bundle/AMap3D.bundle/icons_5_10_1471231608.data
copying file ./Payload/LddMerchant.app/AMap.bundle/AMap3D.bundle/icons_6_10_1472699628.data ... 
2018-08-22 09:38:55 +0000  48444 bytes for ./Payload/LddMerchant.app/AMap.bundle/AMap3D.bundle/icons_6_10_1472699628.data
copying file ./Payload/LddMerchant.app/AMap.bundle/AMap3D.bundle/icons_7_10_1467115754.data ... 
2018-08-22 09:38:55 +0000  63506 bytes for ./Payload/LddMerchant.app/AMap.bundle/AMap3D.bundle/icons_7_10_1467115754.data
copying file ./Payload/LddMerchant.app/AMap.bundle/AMap3D.bundle/icons_8_10_1467115754.data ... 
2018-08-22 09:38:55 +0000  160499 bytes for ./Payload/LddMerchant.app/AMap.bundle/AMap3D.bundle/icons_8_10_1467115754.data
copying file ./Payload/LddMerchant.app/AMap.bundle/AMap3D.bundle/icons_9_10_1476066932.data ... 
2018-08-22 09:38:55 +0000  129883 bytes for ./Payload/LddMerchant.app/AMap.bundle/AMap3D.bundle/icons_9_10_1476066932.data
copying file ./Payload/LddMerchant.app/AMap.bundle/AMap3D.bundle/lineround.data ... 
2018-08-22 09:38:55 +0000  10974 bytes for ./Payload/LddMerchant.app/AMap.bundle/AMap3D.bundle/lineround.data
copying file ./Payload/LddMerchant.app/AMap.bundle/AMap3D.bundle/roadarrow.data ... 
2018-08-22 09:38:55 +0000  43824 bytes for ./Payload/LddMerchant.app/AMap.bundle/AMap3D.bundle/roadarrow.data
copying file ./Payload/LddMerchant.app/AMap.bundle/AMap3D.bundle/search_scenic_icon.data ... 
2018-08-22 09:38:55 +0000  42623 bytes for ./Payload/LddMerchant.app/AMap.bundle/AMap3D.bundle/search_scenic_icon.data
copying file ./Payload/LddMerchant.app/AMap.bundle/AMap3D.bundle/style_100_10_1467006152.data ... 
2018-08-22 09:38:55 +0000  2614 bytes for ./Payload/LddMerchant.app/AMap.bundle/AMap3D.bundle/style_100_10_1467006152.data
copying file ./Payload/LddMerchant.app/AMap.bundle/AMap3D.bundle/style_10_10_1472718686.data ... 
2018-08-22 09:38:55 +0000  6717 bytes for ./Payload/LddMerchant.app/AMap.bundle/AMap3D.bundle/style_10_10_1472718686.data
copying file ./Payload/LddMerchant.app/AMap.bundle/AMap3D.bundle/style_12_10_1467006104.data ... 
2018-08-22 09:38:55 +0000  13348 bytes for ./Payload/LddMerchant.app/AMap.bundle/AMap3D.bundle/style_12_10_1467006104.data
copying file ./Payload/LddMerchant.app/AMap.bundle/AMap3D.bundle/style_13_10_1472699980.data ... 
2018-08-22 09:38:55 +0000  8895 bytes for ./Payload/LddMerchant.app/AMap.bundle/AMap3D.bundle/style_13_10_1472699980.data
copying file ./Payload/LddMerchant.app/AMap.bundle/AMap3D.bundle/style_14_10_1476175930.data ... 
2018-08-22 09:38:55 +0000  13704 bytes for ./Payload/LddMerchant.app/AMap.bundle/AMap3D.bundle/style_14_10_1476175930.data
copying file ./Payload/LddMerchant.app/AMap.bundle/AMap3D.bundle/style_15_10_1467006143.data ... 
2018-08-22 09:38:55 +0000  13654 bytes for ./Payload/LddMerchant.app/AMap.bundle/AMap3D.bundle/style_15_10_1467006143.data
copying file ./Payload/LddMerchant.app/AMap.bundle/AMap3D.bundle/style_17_10_1470361281.data ... 
2018-08-22 09:38:55 +0000  282 bytes for ./Payload/LddMerchant.app/AMap.bundle/AMap3D.bundle/style_17_10_1470361281.data
copying file ./Payload/LddMerchant.app/AMap.bundle/AMap3D.bundle/style_1_10_1475122281.data ... 
2018-08-22 09:38:55 +0000  15682 bytes for ./Payload/LddMerchant.app/AMap.bundle/AMap3D.bundle/style_1_10_1475122281.data
copying file ./Payload/LddMerchant.app/AMap.bundle/AMap3D.bundle/style_30_10_1475122377.data ... 
2018-08-22 09:38:55 +0000  15449 bytes for ./Payload/LddMerchant.app/AMap.bundle/AMap3D.bundle/style_30_10_1475122377.data
copying file ./Payload/LddMerchant.app/AMap.bundle/AMap3D.bundle/style_31_10_1475122403.data ... 
2018-08-22 09:38:55 +0000  15518 bytes for ./Payload/LddMerchant.app/AMap.bundle/AMap3D.bundle/style_31_10_1475122403.data
copying file ./Payload/LddMerchant.app/AMap.bundle/AMap3D.bundle/style_32_10_1475122426.data ... 
2018-08-22 09:38:55 +0000  15483 bytes for ./Payload/LddMerchant.app/AMap.bundle/AMap3D.bundle/style_32_10_1475122426.data
copying file ./Payload/LddMerchant.app/AMap.bundle/AMap3D.bundle/style_33_10_1475921327.data ... 
2018-08-22 09:38:55 +0000  15629 bytes for ./Payload/LddMerchant.app/AMap.bundle/AMap3D.bundle/style_33_10_1475921327.data
copying file ./Payload/LddMerchant.app/AMap.bundle/AMap3D.bundle/style_3_10_1475122322.data ... 
2018-08-22 09:38:55 +0000  11708 bytes for ./Payload/LddMerchant.app/AMap.bundle/AMap3D.bundle/style_3_10_1475122322.data
copying file ./Payload/LddMerchant.app/AMap.bundle/AMap3D.bundle/style_4_10_1475129354.data ... 
2018-08-22 09:38:55 +0000  7942 bytes for ./Payload/LddMerchant.app/AMap.bundle/AMap3D.bundle/style_4_10_1475129354.data
copying file ./Payload/LddMerchant.app/AMap.bundle/AMap3D.bundle/style_50_10_1470645645.data ... 
2018-08-22 09:38:55 +0000  1347 bytes for ./Payload/LddMerchant.app/AMap.bundle/AMap3D.bundle/style_50_10_1470645645.data
copying file ./Payload/LddMerchant.app/AMap.bundle/AMap3D.bundle/style_5_10_1473055896.data ... 
7854 bytes for ./Payload/LddMerchant.app/AMap.bundle/AMap3D.bundle/style_5_10_1473055896.data
copying file ./Payload/LddMerchant.app/AMap.bundle/AMap3D.bundle/style_6_10_1475122353.data ... 
2018-08-22 09:38:55 +0000  11952 bytes for ./Payload/LddMerchant.app/AMap.bundle/AMap3D.bundle/style_6_10_1475122353.data
copying file ./Payload/LddMerchant.app/AMap.bundle/AMap3D.bundle/style_8_10_1472699781.data ... 
2018-08-22 09:38:55 +0000  8125 bytes for ./Payload/LddMerchant.app/AMap.bundle/AMap3D.bundle/style_8_10_1472699781.data
2018-08-22 09:38:55 +0000  copying file ./Payload/LddMerchant.app/AMap.bundle/AMap3D.bundle/tbl.data ... 
2018-08-22 09:38:55 +0000  21896 bytes for ./Payload/LddMerchant.app/AMap.bundle/AMap3D.bundle/tbl.data
copying file ./Payload/LddMerchant.app/AMap.bundle/AMap3D.bundle/tbl_l.data ... 
2018-08-22 09:38:55 +0000  21896 bytes for ./Payload/LddMerchant.app/AMap.bundle/AMap3D.bundle/tbl_l.data
copying file ./Payload/LddMerchant.app/AMap.bundle/AMap3D.bundle/tbl_n.data ... 
2018-08-22 09:38:55 +0000  21896 bytes for ./Payload/LddMerchant.app/AMap.bundle/AMap3D.bundle/tbl_n.data
copying file ./Payload/LddMerchant.app/AMap.bundle/AMap3D.bundle/tgl.data ... 
2018-08-22 09:38:55 +0000  21896 bytes for ./Payload/LddMerchant.app/AMap.bundle/AMap3D.bundle/tgl.data
copying file ./Payload/LddMerchant.app/AMap.bundle/AMap3D.bundle/tgl_l.data ... 
2018-08-22 09:38:55 +0000  21896 bytes for ./Payload/LddMerchant.app/AMap.bundle/AMap3D.bundle/tgl_l.data
copying file ./Payload/LddMerchant.app/AMap.bundle/AMap3D.bundle/tgl_n.data ... 
2018-08-22 09:38:55 +0000  21896 bytes for ./Payload/LddMerchant.app/AMap.bundle/AMap3D.bundle/tgl_n.data
copying file ./Payload/LddMerchant.app/AMap.bundle/AMap3D.bundle/tmc_blind_amble.data ... 
2018-08-22 09:38:55 +0000  21896 bytes for ./Payload/LddMerchant.app/AMap.bundle/AMap3D.bundle/tmc_blind_amble.data
copying file ./Payload/LddMerchant.app/AMap.bundle/AMap3D.bundle/tmc_blind_congestion.data ... 
2018-08-22 09:38:55 +0000  21896 bytes for ./Payload/LddMerchant.app/AMap.bundle/AMap3D.bundle/tmc_blind_congestion.data
copying file ./Payload/LddMerchant.app/AMap.bundle/AMap3D.bundle/tmc_blind_null.data ... 
2018-08-22 09:38:55 +0000  21896 bytes for ./Payload/LddMerchant.app/AMap.bundle/AMap3D.bundle/tmc_blind_null.data
copying file ./Payload/LddMerchant.app/AMap.bundle/AMap3D.bundle/tmc_blind_severe_congestion.data ... 
2018-08-22 09:38:55 +0000  21896 bytes for ./Payload/LddMerchant.app/AMap.bundle/AMap3D.bundle/tmc_blind_severe_congestion.data
copying file ./Payload/LddMerchant.app/AMap.bundle/AMap3D.bundle/tmc_blind_smoothly.data ... 
2018-08-22 09:38:55 +0000  21896 bytes for ./Payload/LddMerchant.app/AMap.bundle/AMap3D.bundle/tmc_blind_smoothly.data
copying file ./Payload/LddMerchant.app/AMap.bundle/AMap3D.bundle/tnl.data ... 
2018-08-22 09:38:55 +0000  21896 bytes for ./Payload/LddMerchant.app/AMap.bundle/AMap3D.bundle/tnl.data
copying file ./Payload/LddMerchant.app/AMap.bundle/AMap3D.bundle/tnl_l.data ... 
2018-08-22 09:38:55 +0000  21896 bytes for ./Payload/LddMerchant.app/AMap.bundle/AMap3D.bundle/tnl_l.data
copying file ./Payload/LddMerchant.app/AMap.bundle/AMap3D.bundle/tnl_n.data ... 
2018-08-22 09:38:55 +0000  21896 bytes for ./Payload/LddMerchant.app/AMap.bundle/AMap3D.bundle/tnl_n.data
copying file ./Payload/LddMerchant.app/AMap.bundle/AMap3D.bundle/trl.data ... 
2018-08-22 09:38:55 +0000  21896 bytes for ./Payload/LddMerchant.app/AMap.bundle/AMap3D.bundle/trl.data
2018-08-22 09:38:55 +0000  copying file ./Payload/LddMerchant.app/AMap.bundle/AMap3D.bundle/trl_l.data ... 
2018-08-22 09:38:55 +0000  21896 bytes for ./Payload/LddMerchant.app/AMap.bundle/AMap3D.bundle/trl_l.data
copying file ./Payload/LddMerchant.app/AMap.bundle/AMap3D.bundle/trl_n.data ... 
2018-08-22 09:38:55 +0000  21896 bytes for ./Payload/LddMerchant.app/AMap.bundle/AMap3D.bundle/trl_n.data
copying file ./Payload/LddMerchant.app/AMap.bundle/AMap3D.bundle/tyl.data ... 
2018-08-22 09:38:55 +0000  21896 bytes for ./Payload/LddMerchant.app/AMap.bundle/AMap3D.bundle/tyl.data
2018-08-22 09:38:55 +0000  copying file ./Payload/LddMerchant.app/AMap.bundle/AMap3D.bundle/tyl_l.data ... 
2018-08-22 09:38:55 +0000  21896 bytes for ./Payload/LddMerchant.app/AMap.bundle/AMap3D.bundle/tyl_l.data
copying file ./Payload/LddMerchant.app/AMap.bundle/AMap3D.bundle/tyl_n.data ... 
2018-08-22 09:38:55 +0000  21896 bytes for ./Payload/LddMerchant.app/AMap.bundle/AMap3D.bundle/tyl_n.data
copying file ./Payload/LddMerchant.app/AMap.bundle/AMap3D.bundle/VM3DRes/cross_bg.png ... 
2018-08-22 09:38:55 +0000  1101 bytes for ./Payload/LddMerchant.app/AMap.bundle/AMap3D.bundle/VM3DRes/cross_bg.png
copying file ./Payload/LddMerchant.app/AMap.bundle/AMap3D.bundle/VM3DRes/cross_bg_day.png ... 
86 bytes for ./Payload/LddMerchant.app/AMap.bundle/AMap3D.bundle/VM3DRes/cross_bg_day.png
copying file ./Payload/LddMerchant.app/AMap.bundle/AMap3D.bundle/VM3DRes/cross_bg_night.png ... 
2018-08-22 09:38:55 +0000  14612 bytes for ./Payload/LddMerchant.app/AMap.bundle/AMap3D.bundle/VM3DRes/cross_bg_night.png
copying file ./Payload/LddMerchant.app/AMap.bundle/AMap3D.bundle/VM3DRes/d_yellow.png ... 
2018-08-22 09:38:55 +0000  2901 bytes for ./Payload/LddMerchant.app/AMap.bundle/AMap3D.bundle/VM3DRes/d_yellow.png
copying file ./Payload/LddMerchant.app/AMap.bundle/AMap3D.bundle/VM3DRes/d_yellow_day.png ... 
2018-08-22 09:38:55 +0000  2901 bytes for ./Payload/LddMerchant.app/AMap.bundle/AMap3D.bundle/VM3DRes/d_yellow_day.png
copying file ./Payload/LddMerchant.app/AMap.bundle/AMap3D.bundle/VM3DRes/d_yellow_night.png ... 
2018-08-22 09:38:55 +0000  2901 bytes for ./Payload/LddMerchant.app/AMap.bundle/AMap3D.bundle/VM3DRes/d_yellow_night.png
copying file ./Payload/LddMerchant.app/AMap.bundle/AMap3D.bundle/VM3DRes/grass_day.png ... 
86 bytes for ./Payload/LddMerchant.app/AMap.bundle/AMap3D.bundle/VM3DRes/grass_day.png
copying file ./Payload/LddMerchant.app/AMap.bundle/AMap3D.bundle/VM3DRes/grass_night.png ... 
86 bytes for ./Payload/LddMerchant.app/AMap.bundle/AMap3D.bundle/VM3DRes/grass_night.png
copying file ./Payload/LddMerchant.app/AMap.bundle/AMap3D.bundle/VM3DRes/road_bottom.png ... 
2018-08-22 09:38:55 +0000  86 bytes for ./Payload/LddMerchant.app/AMap.bundle/AMap3D.bundle/VM3DRes/road_bottom.png
copying file ./Payload/LddMerchant.app/AMap.bundle/AMap3D.bundle/VM3DRes/road_bottom_day.png ... 
86 bytes for ./Payload/LddMerchant.app/AMap.bundle/AMap3D.bundle/VM3DRes/road_bottom_day.png
copying file ./Payload/LddMerchant.app/AMap.bundle/AMap3D.bundle/VM3DRes/road_bottom_night.png ... 
86 bytes for ./Payload/LddMerchant.app/AMap.bundle/AMap3D.bundle/VM3DRes/road_bottom_night.png
copying file ./Payload/LddMerchant.app/AMap.bundle/AMap3D.bundle/VM3DRes/roadbk_main.png ... 
86 bytes for ./Payload/LddMerchant.app/AMap.bundle/AMap3D.bundle/VM3DRes/roadbk_main.png
copying file ./Payload/LddMerchant.app/AMap.bundle/AMap3D.bundle/VM3DRes/roadbk_main_day.png ... 
2018-08-22 09:38:55 +0000  86 bytes for ./Payload/LddMerchant.app/AMap.bundle/AMap3D.bundle/VM3DRes/roadbk_main_day.png
copying file ./Payload/LddMerchant.app/AMap.bundle/AMap3D.bundle/VM3DRes/roadbk_main_night.png ... 
86 bytes for ./Payload/LddMerchant.app/AMap.bundle/AMap3D.bundle/VM3DRes/roadbk_main_night.png
copying file ./Payload/LddMerchant.app/AMap.bundle/AMap3D.bundle/waterline.data ... 
2018-08-22 09:38:55 +0000  2849 bytes for ./Payload/LddMerchant.app/AMap.bundle/AMap3D.bundle/waterline.data
copying file ./Payload/LddMerchant.app/AMap.bundle/Bundle3D.plist ... 
2018-08-22 09:38:55 +0000  2046 bytes for ./Payload/LddMerchant.app/AMap.bundle/Bundle3D.plist
copying file ./Payload/LddMerchant.app/AMap.bundle/images/arrow_line_inner.png ... 
316 bytes for ./Payload/LddMerchant.app/AMap.bundle/images/arrow_line_inner.png
2018-08-22 09:38:55 +0000  copying file ./Payload/LddMerchant.app/AMap.bundle/images/calloutArrowMask.png ... 
323 bytes for ./Payload/LddMerchant.app/AMap.bundle/images/calloutArrowMask.png
copying file ./Payload/LddMerchant.app/AMap.bundle/images/calloutArrowMask@2x.png ... 
2018-08-22 09:38:55 +0000  572 bytes for ./Payload/LddMerchant.app/AMap.bundle/images/calloutArrowMask@2x.png
copying file ./Payload/LddMerchant.app/AMap.bundle/images/greenPin.png ... 
988 bytes for ./Payload/LddMerchant.app/AMap.bundle/images/greenPin.png
copying file ./Payload/LddMerchant.app/AMap.bundle/images/greenPin@2x.png ... 
2018-08-22 09:38:55 +0000  1893 bytes for ./Payload/LddMerchant.app/AMap.bundle/images/greenPin@2x.png
copying file ./Payload/LddMerchant.app/AMap.bundle/images/greenPin@3x.png ... 
2018-08-22 09:38:55 +0000  2844 bytes for ./Payload/LddMerchant.app/AMap.bundle/images/greenPin@3x.png
copying file ./Payload/LddMerchant.app/AMap.bundle/images/greenPin_lift.png ... 
425 bytes for ./Payload/LddMerchant.app/AMap.bundle/images/greenPin_lift.png
copying file ./Payload/LddMerchant.app/AMap.bundle/images/greenPin_lift@2x.png ... 
2018-08-22 09:38:55 +0000  960 bytes for ./Payload/LddMerchant.app/AMap.bundle/images/greenPin_lift@2x.png
copying file ./Payload/LddMerchant.app/AMap.bundle/images/greenPin_lift@3x.png ... 
1401 bytes for ./Payload/LddMerchant.app/AMap.bundle/images/greenPin_lift@3x.png
2018-08-22 09:38:55 +0000  copying file ./Payload/LddMerchant.app/AMap.bundle/images/lineDashTexture.png ... 
194 bytes for ./Payload/LddMerchant.app/AMap.bundle/images/lineDashTexture.png
copying file ./Payload/LddMerchant.app/AMap.bundle/images/lineDashTextureThin.png ... 
224 bytes for ./Payload/LddMerchant.app/AMap.bundle/images/lineDashTextureThin.png
copying file ./Payload/LddMerchant.app/AMap.bundle/images/lineTexture.png ... 
2018-08-22 09:38:55 +0000  2830 bytes for ./Payload/LddMerchant.app/AMap.bundle/images/lineTexture.png
copying file ./Payload/LddMerchant.app/AMap.bundle/images/lineTextureThin.png ... 
243 bytes for ./Payload/LddMerchant.app/AMap.bundle/images/lineTextureThin.png
copying file ./Payload/LddMerchant.app/AMap.bundle/images/marker_blue.png ... 
2018-08-22 09:38:55 +0000  1972 bytes for ./Payload/LddMerchant.app/AMap.bundle/images/marker_blue.png
copying file ./Payload/LddMerchant.app/AMap.bundle/images/marker_blue@2x.png ... 
2547 bytes for ./Payload/LddMerchant.app/AMap.bundle/images/marker_blue@2x.png
copying file ./Payload/LddMerchant.app/AMap.bundle/images/pin_shadow.png ... 
609 bytes for ./Payload/LddMerchant.app/AMap.bundle/images/pin_shadow.png
copying file ./Payload/LddMerchant.app/AMap.bundle/images/pin_shadow@2x.png ... 
1155 bytes for ./Payload/LddMerchant.app/AMap.bundle/images/pin_shadow@2x.png
copying file ./Payload/LddMerchant.app/AMap.bundle/images/pin_shadow@3x.png ... 
1817 bytes for ./Payload/LddMerchant.app/AMap.bundle/images/pin_shadow@3x.png
copying file ./Payload/LddMerchant.app/AMap.bundle/images/purplePin.png ... 
2018-08-22 09:38:55 +0000  988 bytes for ./Payload/LddMerchant.app/AMap.bundle/images/purplePin.png
copying file ./Payload/LddMerchant.app/AMap.bundle/images/purplePin@2x.png ... 
2018-08-22 09:38:55 +0000  1873 bytes for ./Payload/LddMerchant.app/AMap.bundle/images/purplePin@2x.png
copying file ./Payload/LddMerchant.app/AMap.bundle/images/purplePin@3x.png ... 
2844 bytes for ./Payload/LddMerchant.app/AMap.bundle/images/purplePin@3x.png
2018-08-22 09:38:55 +0000  copying file ./Payload/LddMerchant.app/AMap.bundle/images/purplePin_lift.png ... 
418 bytes for ./Payload/LddMerchant.app/AMap.bundle/images/purplePin_lift.png
copying file ./Payload/LddMerchant.app/AMap.bundle/images/purplePin_lift@2x.png ... 
2018-08-22 09:38:55 +0000  960 bytes for ./Payload/LddMerchant.app/AMap.bundle/images/purplePin_lift@2x.png
copying file ./Payload/LddMerchant.app/AMap.bundle/images/purplePin_lift@3x.png ... 
1406 bytes for ./Payload/LddMerchant.app/AMap.bundle/images/purplePin_lift@3x.png
copying file ./Payload/LddMerchant.app/AMap.bundle/images/redPin.png ... 
2018-08-22 09:38:55 +0000  986 bytes for ./Payload/LddMerchant.app/AMap.bundle/images/redPin.png
copying file ./Payload/LddMerchant.app/AMap.bundle/images/redPin@2x.png ... 
2018-08-22 09:38:55 +0000  1878 bytes for ./Payload/LddMerchant.app/AMap.bundle/images/redPin@2x.png
copying file ./Payload/LddMerchant.app/AMap.bundle/images/redPin@3x.png ... 
2848 bytes for ./Payload/LddMerchant.app/AMap.bundle/images/redPin@3x.png
copying file ./Payload/LddMerchant.app/AMap.bundle/images/redPin_lift.png ... 
2018-08-22 09:38:55 +0000  418 bytes for ./Payload/LddMerchant.app/AMap.bundle/images/redPin_lift.png
copying file ./Payload/LddMerchant.app/AMap.bundle/images/redPin_lift@2x.png ... 
955 bytes for ./Payload/LddMerchant.app/AMap.bundle/images/redPin_lift@2x.png
copying file ./Payload/LddMerchant.app/AMap.bundle/images/redPin_lift@3x.png ... 
2018-08-22 09:38:55 +0000  1405 bytes for ./Payload/LddMerchant.app/AMap.bundle/images/redPin_lift@3x.png
copying file ./Payload/LddMerchant.app/AMap.bundle/images/select_.png ... 
2018-08-22 09:38:55 +0000  1082 bytes for ./Payload/LddMerchant.app/AMap.bundle/images/select_.png
copying file ./Payload/LddMerchant.app/AMap.bundle/images/select_@2x.png ... 
1082 bytes for ./Payload/LddMerchant.app/AMap.bundle/images/select_@2x.png
copying file ./Payload/LddMerchant.app/AMap.bundle/images/select_@3x.png ... 
2018-08-22 09:38:55 +0000  2162 bytes for ./Payload/LddMerchant.app/AMap.bundle/images/select_@3x.png
copying file ./Payload/LddMerchant.app/AMap.bundle/offline/offlinePackage.plist ... 
2018-08-22 09:38:55 +0000  102476 bytes for ./Payload/LddMerchant.app/AMap.bundle/offline/offlinePackage.plist
2018-08-22 09:38:55 +0000  copying file ./Payload/LddMerchant.app/AppIcon20x20@2x.png ... 
2258 bytes for ./Payload/LddMerchant.app/AppIcon20x20@2x.png
copying file ./Payload/LddMerchant.app/AppIcon20x20@3x.png ... 
2018-08-22 09:38:55 +0000  3634 bytes for ./Payload/LddMerchant.app/AppIcon20x20@3x.png
copying file ./Payload/LddMerchant.app/AppIcon29x29@2x.png ... 
3516 bytes for ./Payload/LddMerchant.app/AppIcon29x29@2x.png
copying file ./Payload/LddMerchant.app/AppIcon29x29@3x.png ... 
2018-08-22 09:38:55 +0000  5334 bytes for ./Payload/LddMerchant.app/AppIcon29x29@3x.png
copying file ./Payload/LddMerchant.app/AppIcon40x40@2x.png ... 
2018-08-22 09:38:55 +0000  4888 bytes for ./Payload/LddMerchant.app/AppIcon40x40@2x.png
copying file ./Payload/LddMerchant.app/AppIcon40x40@3x.png ... 
2018-08-22 09:38:55 +0000  8351 bytes for ./Payload/LddMerchant.app/AppIcon40x40@3x.png
copying file ./Payload/LddMerchant.app/AppIcon60x60@2x.png ... 
2018-08-22 09:38:55 +0000  8351 bytes for ./Payload/LddMerchant.app/AppIcon60x60@2x.png
copying file ./Payload/LddMerchant.app/AppIcon60x60@3x.png ... 
2018-08-22 09:38:55 +0000  11060 bytes for ./Payload/LddMerchant.app/AppIcon60x60@3x.png
copying file ./Payload/LddMerchant.app/Area.plist ... 
2018-08-22 09:38:55 +0000  43611 bytes for ./Payload/LddMerchant.app/Area.plist
copying file ./Payload/LddMerchant.app/Assets.car ... 
2018-08-22 09:38:56 +0000  14652600 bytes for ./Payload/LddMerchant.app/Assets.car
copying file ./Payload/LddMerchant.app/AuthenticationViewController.nib ... 
2018-08-22 09:38:56 +0000  17464 bytes for ./Payload/LddMerchant.app/AuthenticationViewController.nib
2018-08-22 09:38:56 +0000  copying file ./Payload/LddMerchant.app/Base.lproj/LaunchScreen.storyboardc/01J-lp-oVM-view-Ze5-6b-2t3.nib ... 
1791 bytes for ./Payload/LddMerchant.app/Base.lproj/LaunchScreen.storyboardc/01J-lp-oVM-view-Ze5-6b-2t3.nib
copying file ./Payload/LddMerchant.app/Base.lproj/LaunchScreen.storyboardc/Info.plist ... 
2018-08-22 09:38:56 +0000  258 bytes for ./Payload/LddMerchant.app/Base.lproj/LaunchScreen.storyboardc/Info.plist
copying file ./Payload/LddMerchant.app/Base.lproj/LaunchScreen.storyboardc/UIViewController-01J-lp-oVM.nib ... 
832 bytes for ./Payload/LddMerchant.app/Base.lproj/LaunchScreen.storyboardc/UIViewController-01J-lp-oVM.nib
copying file ./Payload/LddMerchant.app/Base.lproj/Main.storyboardc/BYZ-38-t0r-view-8bC-Xf-vdC.nib ... 
2018-08-22 09:38:56 +0000  1792 bytes for ./Payload/LddMerchant.app/Base.lproj/Main.storyboardc/BYZ-38-t0r-view-8bC-Xf-vdC.nib
copying file ./Payload/LddMerchant.app/Base.lproj/Main.storyboardc/Info.plist ... 
258 bytes for ./Payload/LddMerchant.app/Base.lproj/Main.storyboardc/Info.plist
copying file ./Payload/LddMerchant.app/Base.lproj/Main.storyboardc/UIViewController-BYZ-38-t0r.nib ... 
916 bytes for ./Payload/LddMerchant.app/Base.lproj/Main.storyboardc/UIViewController-BYZ-38-t0r.nib
2018-08-22 09:38:56 +0000  copying file ./Payload/LddMerchant.app/btn_original_circle.png ... 
1037 bytes for ./Payload/LddMerchant.app/btn_original_circle.png
copying file ./Payload/LddMerchant.app/btn_original_circle@2x.png ... 
2018-08-22 09:38:56 +0000  1885 bytes for ./Payload/LddMerchant.app/btn_original_circle@2x.png
copying file ./Payload/LddMerchant.app/btn_original_circle@3x.png ... 
2668 bytes for ./Payload/LddMerchant.app/btn_original_circle@3x.png
copying file ./Payload/LddMerchant.app/btn_selected.png ... 
2018-08-22 09:38:56 +0000  3296 bytes for ./Payload/LddMerchant.app/btn_selected.png
copying file ./Payload/LddMerchant.app/btn_selected@2x.png ... 
4042 bytes for ./Payload/LddMerchant.app/btn_selected@2x.png
copying file ./Payload/LddMerchant.app/btn_selected@3x.png ... 
2018-08-22 09:38:56 +0000  4615 bytes for ./Payload/LddMerchant.app/btn_selected@3x.png
copying file ./Payload/LddMerchant.app/defaultphoto.png ... 
2474 bytes for ./Payload/LddMerchant.app/defaultphoto.png
2018-08-22 09:38:56 +0000  copying file ./Payload/LddMerchant.app/embedded.mobileprovision ... 
7687 bytes for ./Payload/LddMerchant.app/embedded.mobileprovision
copying file ./Payload/LddMerchant.app/ForgetPasswordViewController.nib ... 
2018-08-22 09:38:56 +0000  7606 bytes for ./Payload/LddMerchant.app/ForgetPasswordViewController.nib
2018-08-22 09:38:56 +0000  copying file ./Payload/LddMerchant.app/FreeServicePackageViewController.nib ... 
2018-08-22 09:38:56 +0000  6767 bytes for ./Payload/LddMerchant.app/FreeServicePackageViewController.nib
copying file ./Payload/LddMerchant.app/gpsnormal@2x.png ... 
767 bytes for ./Payload/LddMerchant.app/gpsnormal@2x.png
copying file ./Payload/LddMerchant.app/gpsnormal@3x.png ... 
2018-08-22 09:38:56 +0000  1563 bytes for ./Payload/LddMerchant.app/gpsnormal@3x.png
copying file ./Payload/LddMerchant.app/gpssearchbutton@2x.png ... 
1248 bytes for ./Payload/LddMerchant.app/gpssearchbutton@2x.png
copying file ./Payload/LddMerchant.app/gpssearchbutton@3x.png ... 
2018-08-22 09:38:56 +0000  2493 bytes for ./Payload/LddMerchant.app/gpssearchbutton@3x.png
copying file ./Payload/LddMerchant.app/guide_image_1@2x.png ... 
2018-08-22 09:38:56 +0000  146335 bytes for ./Payload/LddMerchant.app/guide_image_1@2x.png
copying file ./Payload/LddMerchant.app/guide_image_1@3x.png ... 
2018-08-22 09:38:56 +0000  146335 bytes for ./Payload/LddMerchant.app/guide_image_1@3x.png
copying file ./Payload/LddMerchant.app/guide_image_2@2x.png ... 
2018-08-22 09:38:56 +0000  103596 bytes for ./Payload/LddMerchant.app/guide_image_2@2x.png
copying file ./Payload/LddMerchant.app/guide_image_2@3x.png ... 
2018-08-22 09:38:56 +0000  103596 bytes for ./Payload/LddMerchant.app/guide_image_2@3x.png
copying file ./Payload/LddMerchant.app/HomeMoreViewController.nib ... 
2018-08-22 09:38:56 +0000  2084 bytes for ./Payload/LddMerchant.app/HomeMoreViewController.nib
copying file ./Payload/LddMerchant.app/HomeTableViewCell.nib ... 
2018-08-22 09:38:56 +0000  7725 bytes for ./Payload/LddMerchant.app/HomeTableViewCell.nib
copying file ./Payload/LddMerchant.app/HomeViewController.nib ... 
2018-08-22 09:38:56 +0000  974 bytes for ./Payload/LddMerchant.app/HomeViewController.nib
copying file ./Payload/LddMerchant.app/Info.plist ... 
2018-08-22 09:38:56 +0000  2787 bytes for ./Payload/LddMerchant.app/Info.plist
copying file ./Payload/LddMerchant.app/IQKeyboardManager.bundle/IQButtonBarArrowDown@2x.png ... 
1764 bytes for ./Payload/LddMerchant.app/IQKeyboardManager.bundle/IQButtonBarArrowDown@2x.png
copying file ./Payload/LddMerchant.app/IQKeyboardManager.bundle/IQButtonBarArrowDown@3x.png ... 
2018-08-22 09:38:56 +0000  2177 bytes for ./Payload/LddMerchant.app/IQKeyboardManager.bundle/IQButtonBarArrowDown@3x.png
copying file ./Payload/LddMerchant.app/IQKeyboardManager.bundle/IQButtonBarArrowLeft@2x.png ... 
1793 bytes for ./Payload/LddMerchant.app/IQKeyboardManager.bundle/IQButtonBarArrowLeft@2x.png
2018-08-22 09:38:56 +0000  copying file ./Payload/LddMerchant.app/IQKeyboardManager.bundle/IQButtonBarArrowLeft@3x.png ... 
1815 bytes for ./Payload/LddMerchant.app/IQKeyboardManager.bundle/IQButtonBarArrowLeft@3x.png
copying file ./Payload/LddMerchant.app/IQKeyboardManager.bundle/IQButtonBarArrowRight@2x.png ... 
2018-08-22 09:38:56 +0000  1786 bytes for ./Payload/LddMerchant.app/IQKeyboardManager.bundle/IQButtonBarArrowRight@2x.png
copying file ./Payload/LddMerchant.app/IQKeyboardManager.bundle/IQButtonBarArrowRight@3x.png ... 
1844 bytes for ./Payload/LddMerchant.app/IQKeyboardManager.bundle/IQButtonBarArrowRight@3x.png
copying file ./Payload/LddMerchant.app/IQKeyboardManager.bundle/IQButtonBarArrowUp@2x.png ... 
2018-08-22 09:38:56 +0000  1769 bytes for ./Payload/LddMerchant.app/IQKeyboardManager.bundle/IQButtonBarArrowUp@2x.png
copying file ./Payload/LddMerchant.app/IQKeyboardManager.bundle/IQButtonBarArrowUp@3x.png ... 
2164 bytes for ./Payload/LddMerchant.app/IQKeyboardManager.bundle/IQButtonBarArrowUp@3x.png
copying file ./Payload/LddMerchant.app/LaunchImage-1100-Portrait-2436h@3x.png ... 
2018-08-22 09:38:56 +0000  326979 bytes for ./Payload/LddMerchant.app/LaunchImage-1100-Portrait-2436h@3x.png
copying file ./Payload/LddMerchant.app/LaunchImage-700-568h@2x.png ... 
2018-08-22 09:38:56 +0000  116667 bytes for ./Payload/LddMerchant.app/LaunchImage-700-568h@2x.png
copying file ./Payload/LddMerchant.app/LaunchImage-700@2x.png ... 
2018-08-22 09:38:56 +0000  103654 bytes for ./Payload/LddMerchant.app/LaunchImage-700@2x.png
copying file ./Payload/LddMerchant.app/LaunchImage-800-667h@2x.png ... 
2018-08-22 09:38:56 +0000  140645 bytes for ./Payload/LddMerchant.app/LaunchImage-800-667h@2x.png
copying file ./Payload/LddMerchant.app/LaunchImage-800-Portrait-736h@3x.png ... 
2018-08-22 09:38:56 +0000  269498 bytes for ./Payload/LddMerchant.app/LaunchImage-800-Portrait-736h@3x.png
copying file ./Payload/LddMerchant.app/LddMerchant ... 
2018-08-22 09:38:59 +0000  91345744 bytes for ./Payload/LddMerchant.app/LddMerchant
2018-08-22 09:38:59 +0000  copying file ./Payload/LddMerchant.app/MJRefresh.bundle/arrow@2x.png ... 
1033 bytes for ./Payload/LddMerchant.app/MJRefresh.bundle/arrow@2x.png
copying file ./Payload/LddMerchant.app/MJRefresh.bundle/en.lproj/Localizable.strings ... 
2018-08-22 09:38:59 +0000  1372 bytes for ./Payload/LddMerchant.app/MJRefresh.bundle/en.lproj/Localizable.strings
copying file ./Payload/LddMerchant.app/MJRefresh.bundle/zh-Hans.lproj/Localizable.strings ... 
1194 bytes for ./Payload/LddMerchant.app/MJRefresh.bundle/zh-Hans.lproj/Localizable.strings
copying file ./Payload/LddMerchant.app/MJRefresh.bundle/zh-Hant.lproj/Localizable.strings ... 
2018-08-22 09:38:59 +0000  773 bytes for ./Payload/LddMerchant.app/MJRefresh.bundle/zh-Hant.lproj/Localizable.strings
copying file ./Payload/LddMerchant.app/ModifyPasswordViewController.nib ... 
2018-08-22 09:38:59 +0000  6446 bytes for ./Payload/LddMerchant.app/ModifyPasswordViewController.nib
copying file ./Payload/LddMerchant.app/MyMsgCell.nib ... 
2018-08-22 09:38:59 +0000  4965 bytes for ./Payload/LddMerchant.app/MyMsgCell.nib
copying file ./Payload/LddMerchant.app/NLCertificationViewController.nib ... 
2018-08-22 09:38:59 +0000  13521 bytes for ./Payload/LddMerchant.app/NLCertificationViewController.nib
copying file ./Payload/LddMerchant.app/NUllViewCell.nib ... 
2018-08-22 09:38:59 +0000  3413 bytes for ./Payload/LddMerchant.app/NUllViewCell.nib
copying file ./Payload/LddMerchant.app/NUllViewEstimateCell.nib ... 
2018-08-22 09:38:59 +0000  3577 bytes for ./Payload/LddMerchant.app/NUllViewEstimateCell.nib
copying file ./Payload/LddMerchant.app/NYBindThirdPartAccountInfoViewController.nib ... 
2018-08-22 09:38:59 +0000  4948 bytes for ./Payload/LddMerchant.app/NYBindThirdPartAccountInfoViewController.nib
copying file ./Payload/LddMerchant.app/NYSelectServerAddressViewController.nib/objects-11.0+.nib ... 
2018-08-22 09:38:59 +0000  5684 bytes for ./Payload/LddMerchant.app/NYSelectServerAddressViewController.nib/objects-11.0+.nib
copying file ./Payload/LddMerchant.app/NYSelectServerAddressViewController.nib/runtime.nib ... 
2018-08-22 09:38:59 +0000  5754 bytes for ./Payload/LddMerchant.app/NYSelectServerAddressViewController.nib/runtime.nib
2018-08-22 09:38:59 +0000  copying file ./Payload/LddMerchant.app/NYThirdPardBindMobileViewController.nib ... 
2018-08-22 09:38:59 +0000  6350 bytes for ./Payload/LddMerchant.app/NYThirdPardBindMobileViewController.nib
copying file ./Payload/LddMerchant.app/NYWebViewController.nib ... 
1639 bytes for ./Payload/LddMerchant.app/NYWebViewController.nib
copying file ./Payload/LddMerchant.app/PersonCenterViewController.nib ... 
2018-08-22 09:38:59 +0000  2181 bytes for ./Payload/LddMerchant.app/PersonCenterViewController.nib
copying file ./Payload/LddMerchant.app/PhotoAuthenticationViewController.nib ... 
2018-08-22 09:38:59 +0000  4684 bytes for ./Payload/LddMerchant.app/PhotoAuthenticationViewController.nib
copying file ./Payload/LddMerchant.app/PkgInfo ... 
8 bytes for ./Payload/LddMerchant.app/PkgInfo
copying file ./Payload/LddMerchant.app/RealNameViewController.nib ... 
2018-08-22 09:38:59 +0000  6559 bytes for ./Payload/LddMerchant.app/RealNameViewController.nib
copying file ./Payload/LddMerchant.app/Register_Protocal.html ... 
2018-08-22 09:38:59 +0000  13577 bytes for ./Payload/LddMerchant.app/Register_Protocal.html
copying file ./Payload/LddMerchant.app/Secrecy_Protocal.html ... 
2018-08-22 09:38:59 +0000  31888 bytes for ./Payload/LddMerchant.app/Secrecy_Protocal.html
copying file ./Payload/LddMerchant.app/ServicePackageListTableViewCell.nib ... 
2018-08-22 09:38:59 +0000  3817 bytes for ./Payload/LddMerchant.app/ServicePackageListTableViewCell.nib
copying file ./Payload/LddMerchant.app/ServiceTypeCollectionViewCell.nib ... 
2018-08-22 09:38:59 +0000  3513 bytes for ./Payload/LddMerchant.app/ServiceTypeCollectionViewCell.nib
copying file ./Payload/LddMerchant.app/ServiceTypeViewController.nib ... 
2018-08-22 09:38:59 +0000  3279 bytes for ./Payload/LddMerchant.app/ServiceTypeViewController.nib
copying file ./Payload/LddMerchant.app/SubmitAuthSuccessViewController.nib ... 
2018-08-22 09:38:59 +0000  4416 bytes for ./Payload/LddMerchant.app/SubmitAuthSuccessViewController.nib
copying file ./Payload/LddMerchant.app/SVProgressHUD.bundle/angle-mask.png ... 
2018-08-22 09:38:59 +0000  1845 bytes for ./Payload/LddMerchant.app/SVProgressHUD.bundle/angle-mask.png
copying file ./Payload/LddMerchant.app/SVProgressHUD.bundle/angle-mask@2x.png ... 
2018-08-22 09:38:59 +0000  4893 bytes for ./Payload/LddMerchant.app/SVProgressHUD.bundle/angle-mask@2x.png
copying file ./Payload/LddMerchant.app/SVProgressHUD.bundle/angle-mask@3x.png ... 
2018-08-22 09:38:59 +0000  8319 bytes for ./Payload/LddMerchant.app/SVProgressHUD.bundle/angle-mask@3x.png
copying file ./Payload/LddMerchant.app/SVProgressHUD.bundle/error.png ... 
184 bytes for ./Payload/LddMerchant.app/SVProgressHUD.bundle/error.png
copying file ./Payload/LddMerchant.app/SVProgressHUD.bundle/error@2x.png ... 
306 bytes for ./Payload/LddMerchant.app/SVProgressHUD.bundle/error@2x.png
copying file ./Payload/LddMerchant.app/SVProgressHUD.bundle/error@3x.png ... 
2018-08-22 09:38:59 +0000  398 bytes for ./Payload/LddMerchant.app/SVProgressHUD.bundle/error@3x.png
copying file ./Payload/LddMerchant.app/SVProgressHUD.bundle/info.png ... 
365 bytes for ./Payload/LddMerchant.app/SVProgressHUD.bundle/info.png
copying file ./Payload/LddMerchant.app/SVProgressHUD.bundle/info@2x.png ... 
2018-08-22 09:38:59 +0000  816 bytes for ./Payload/LddMerchant.app/SVProgressHUD.bundle/info@2x.png
copying file ./Payload/LddMerchant.app/SVProgressHUD.bundle/info@3x.png ... 
1200 bytes for ./Payload/LddMerchant.app/SVProgressHUD.bundle/info@3x.png
copying file ./Payload/LddMerchant.app/SVProgressHUD.bundle/success.png ... 
2018-08-22 09:38:59 +0000  262 bytes for ./Payload/LddMerchant.app/SVProgressHUD.bundle/success.png
copying file ./Payload/LddMerchant.app/SVProgressHUD.bundle/success@2x.png ... 
462 bytes for ./Payload/LddMerchant.app/SVProgressHUD.bundle/success@2x.png
copying file ./Payload/LddMerchant.app/SVProgressHUD.bundle/success@3x.png ... 
2018-08-22 09:38:59 +0000  714 bytes for ./Payload/LddMerchant.app/SVProgressHUD.bundle/success@3x.png
copying file ./Payload/LddMerchant.app/TencentOpenApi_IOS_Bundle.bundle/error.png ... 
2018-08-22 09:38:59 +0000  1578 bytes for ./Payload/LddMerchant.app/TencentOpenApi_IOS_Bundle.bundle/error.png
copying file ./Payload/LddMerchant.app/TencentOpenApi_IOS_Bundle.bundle/Info.plist ... 
589 bytes for ./Payload/LddMerchant.app/TencentOpenApi_IOS_Bundle.bundle/Info.plist
copying file ./Payload/LddMerchant.app/TencentOpenApi_IOS_Bundle.bundle/local.html ... 
2018-08-22 09:38:59 +0000  4556 bytes for ./Payload/LddMerchant.app/TencentOpenApi_IOS_Bundle.bundle/local.html
copying file ./Payload/LddMerchant.app/TencentOpenApi_IOS_Bundle.bundle/qqicon.png ... 
1855 bytes for ./Payload/LddMerchant.app/TencentOpenApi_IOS_Bundle.bundle/qqicon.png
copying file ./Payload/LddMerchant.app/TencentOpenApi_IOS_Bundle.bundle/success.png ... 
2018-08-22 09:38:59 +0000  1761 bytes for ./Payload/LddMerchant.app/TencentOpenApi_IOS_Bundle.bundle/success.png
copying file ./Payload/LddMerchant.app/wateRedBlank@2x.png ... 
2018-08-22 09:38:59 +0000  2380 bytes for ./Payload/LddMerchant.app/wateRedBlank@2x.png
copying file ./Payload/LddMerchant.app/wateRedBlank@3x.png ... 
4252 bytes for ./Payload/LddMerchant.app/wateRedBlank@3x.png
2018-08-22 09:38:59 +0000  copying file ./Payload/LddMerchant.app/WeiboSDK.bundle/images/common_button_white@2x.png ... 
367 bytes for ./Payload/LddMerchant.app/WeiboSDK.bundle/images/common_button_white@2x.png
copying file ./Payload/LddMerchant.app/WeiboSDK.bundle/images/common_button_white_highlighted@2x.png ... 
2018-08-22 09:38:59 +0000  378 bytes for ./Payload/LddMerchant.app/WeiboSDK.bundle/images/common_button_white_highlighted@2x.png
copying file ./Payload/LddMerchant.app/WeiboSDK.bundle/images/empty_failed@2x.png ... 
4136 bytes for ./Payload/LddMerchant.app/WeiboSDK.bundle/images/empty_failed@2x.png
2018-08-22 09:38:59 +0000  copying file ./Payload/LddMerchant.app/WeiboSDK.bundle/others/mfp.cer ... 
577 bytes for ./Payload/LddMerchant.app/WeiboSDK.bundle/others/mfp.cer
copying file ./Payload/LddMerchant.app/zh-Hans.lproj/LaunchScreen.strings ... 
1 bytes for ./Payload/LddMerchant.app/zh-Hans.lproj/LaunchScreen.strings
copying file ./Payload/LddMerchant.app/zh-Hans.lproj/Main.strings ... 
1 bytes for ./Payload/LddMerchant.app/zh-Hans.lproj/Main.strings
2018-08-22 09:38:59 +0000  copying file ./Payload/LddMerchant.app/ZLPhotoActionSheet.nib ... 
2018-08-22 09:38:59 +0000  6205 bytes for ./Payload/LddMerchant.app/ZLPhotoActionSheet.nib
copying file ./Payload/LddMerchant.app/ZLPhotoBrowser.bundle/btn_circle@2x.png ... 
2018-08-22 09:38:59 +0000  1540 bytes for ./Payload/LddMerchant.app/ZLPhotoBrowser.bundle/btn_circle@2x.png
copying file ./Payload/LddMerchant.app/ZLPhotoBrowser.bundle/btn_circle@3x.png ... 
3814 bytes for ./Payload/LddMerchant.app/ZLPhotoBrowser.bundle/btn_circle@3x.png
copying file ./Payload/LddMerchant.app/ZLPhotoBrowser.bundle/btn_original_circle.png ... 
1037 bytes for ./Payload/LddMerchant.app/ZLPhotoBrowser.bundle/btn_original_circle.png
copying file ./Payload/LddMerchant.app/ZLPhotoBrowser.bundle/btn_original_circle@2x.png ... 
1885 bytes for ./Payload/LddMerchant.app/ZLPhotoBrowser.bundle/btn_original_circle@2x.png
copying file ./Payload/LddMerchant.app/ZLPhotoBrowser.bundle/btn_original_circle@3x.png ... 
2668 bytes for ./Payload/LddMerchant.app/ZLPhotoBrowser.bundle/btn_original_circle@3x.png
copying file ./Payload/LddMerchant.app/ZLPhotoBrowser.bundle/btn_rotate.png ... 
2018-08-22 09:38:59 +0000  8924 bytes for ./Payload/LddMerchant.app/ZLPhotoBrowser.bundle/btn_rotate.png
copying file ./Payload/LddMerchant.app/ZLPhotoBrowser.bundle/btn_selected.png ... 
2018-08-22 09:38:59 +0000  3296 bytes for ./Payload/LddMerchant.app/ZLPhotoBrowser.bundle/btn_selected.png
copying file ./Payload/LddMerchant.app/ZLPhotoBrowser.bundle/btn_selected@2x.png ... 
2018-08-22 09:38:59 +0000  4042 bytes for ./Payload/LddMerchant.app/ZLPhotoBrowser.bundle/btn_selected@2x.png
copying file ./Payload/LddMerchant.app/ZLPhotoBrowser.bundle/btn_selected@3x.png ... 
4615 bytes for ./Payload/LddMerchant.app/ZLPhotoBrowser.bundle/btn_selected@3x.png
copying file ./Payload/LddMerchant.app/ZLPhotoBrowser.bundle/btn_unselected.png ... 
2018-08-22 09:38:59 +0000  3313 bytes for ./Payload/LddMerchant.app/ZLPhotoBrowser.bundle/btn_unselected.png
copying file ./Payload/LddMerchant.app/ZLPhotoBrowser.bundle/btn_unselected@2x.png ... 
2018-08-22 09:38:59 +0000  4084 bytes for ./Payload/LddMerchant.app/ZLPhotoBrowser.bundle/btn_unselected@2x.png
copying file ./Payload/LddMerchant.app/ZLPhotoBrowser.bundle/btn_unselected@3x.png ... 
4884 bytes for ./Payload/LddMerchant.app/ZLPhotoBrowser.bundle/btn_unselected@3x.png
copying file ./Payload/LddMerchant.app/ZLPhotoBrowser.bundle/defaultphoto.png ... 
2018-08-22 09:38:59 +0000  2474 bytes for ./Payload/LddMerchant.app/ZLPhotoBrowser.bundle/defaultphoto.png
copying file ./Payload/LddMerchant.app/ZLPhotoBrowser.bundle/en.lproj/Localizable.strings ... 
2018-08-22 09:38:59 +0000  1526 bytes for ./Payload/LddMerchant.app/ZLPhotoBrowser.bundle/en.lproj/Localizable.strings
copying file ./Payload/LddMerchant.app/ZLPhotoBrowser.bundle/ja-US.lproj/Localizable.strings ... 
1751 bytes for ./Payload/LddMerchant.app/ZLPhotoBrowser.bundle/ja-US.lproj/Localizable.strings
copying file ./Payload/LddMerchant.app/ZLPhotoBrowser.bundle/livePhoto@2x.png ... 
2018-08-22 09:38:59 +0000  2032 bytes for ./Payload/LddMerchant.app/ZLPhotoBrowser.bundle/livePhoto@2x.png
copying file ./Payload/LddMerchant.app/ZLPhotoBrowser.bundle/livePhoto@3x.png ... 
3462 bytes for ./Payload/LddMerchant.app/ZLPhotoBrowser.bundle/livePhoto@3x.png
copying file ./Payload/LddMerchant.app/ZLPhotoBrowser.bundle/lock.png ... 
2018-08-22 09:38:59 +0000  22135 bytes for ./Payload/LddMerchant.app/ZLPhotoBrowser.bundle/lock.png
copying file ./Payload/LddMerchant.app/ZLPhotoBrowser.bundle/navBackBtn@2x.png ... 
116 bytes for ./Payload/LddMerchant.app/ZLPhotoBrowser.bundle/navBackBtn@2x.png
copying file ./Payload/LddMerchant.app/ZLPhotoBrowser.bundle/playVideo@2x.png ... 
2018-08-22 09:38:59 +0000  21247 bytes for ./Payload/LddMerchant.app/ZLPhotoBrowser.bundle/playVideo@2x.png
copying file ./Payload/LddMerchant.app/ZLPhotoBrowser.bundle/playVideo@3x.png ... 
2018-08-22 09:38:59 +0000  23821 bytes for ./Payload/LddMerchant.app/ZLPhotoBrowser.bundle/playVideo@3x.png
copying file ./Payload/LddMerchant.app/ZLPhotoBrowser.bundle/takePhoto@2x.png ... 
2018-08-22 09:38:59 +0000  1420 bytes for ./Payload/LddMerchant.app/ZLPhotoBrowser.bundle/takePhoto@2x.png
copying file ./Payload/LddMerchant.app/ZLPhotoBrowser.bundle/takePhoto@3x.png ... 
2018-08-22 09:38:59 +0000  2218 bytes for ./Payload/LddMerchant.app/ZLPhotoBrowser.bundle/takePhoto@3x.png
copying file ./Payload/LddMerchant.app/ZLPhotoBrowser.bundle/video@2x.png ... 
1034 bytes for ./Payload/LddMerchant.app/ZLPhotoBrowser.bundle/video@2x.png
copying file ./Payload/LddMerchant.app/ZLPhotoBrowser.bundle/video@3x.png ... 
2018-08-22 09:38:59 +0000  1275 bytes for ./Payload/LddMerchant.app/ZLPhotoBrowser.bundle/video@3x.png
copying file ./Payload/LddMerchant.app/ZLPhotoBrowser.bundle/videoLoadFailed@2x.png ... 
637 bytes for ./Payload/LddMerchant.app/ZLPhotoBrowser.bundle/videoLoadFailed@2x.png
copying file ./Payload/LddMerchant.app/ZLPhotoBrowser.bundle/videoLoadFailed@3x.png ... 
2018-08-22 09:38:59 +0000  801 bytes for ./Payload/LddMerchant.app/ZLPhotoBrowser.bundle/videoLoadFailed@3x.png
copying file ./Payload/LddMerchant.app/ZLPhotoBrowser.bundle/videoView@2x.png ... 
2018-08-22 09:38:59 +0000  15373 bytes for ./Payload/LddMerchant.app/ZLPhotoBrowser.bundle/videoView@2x.png
copying file ./Payload/LddMerchant.app/ZLPhotoBrowser.bundle/videoView@3x.png ... 
2018-08-22 09:38:59 +0000  15761 bytes for ./Payload/LddMerchant.app/ZLPhotoBrowser.bundle/videoView@3x.png
copying file ./Payload/LddMerchant.app/ZLPhotoBrowser.bundle/zh-Hans.lproj/Localizable.strings ... 
1555 bytes for ./Payload/LddMerchant.app/ZLPhotoBrowser.bundle/zh-Hans.lproj/Localizable.strings
2018-08-22 09:38:59 +0000  copying file ./Payload/LddMerchant.app/ZLPhotoBrowser.bundle/zh-Hant.lproj/Localizable.strings ... 
1555 bytes for ./Payload/LddMerchant.app/ZLPhotoBrowser.bundle/zh-Hant.lproj/Localizable.strings
copying file ./Payload/LddMerchant.app/ZLPhotoBrowserCell.nib ... 
2018-08-22 09:38:59 +0000  3763 bytes for ./Payload/LddMerchant.app/ZLPhotoBrowserCell.nib
copying file ./Payload/LddMerchant.app/ZLThumbnailViewController.nib ... 
2018-08-22 09:38:59 +0000  6775 bytes for ./Payload/LddMerchant.app/ZLThumbnailViewController.nib
2018-08-22 09:38:59 +0000  
2018-08-22 09:38:59 +0000  
2018-08-22 09:38:59 +0000  /usr/bin/ditto exited with 0
2018-08-22 09:38:59 +0000  
2018-08-22 09:38:59 +0000  
2018-08-22 09:38:59 +0000  Processing step: IDEDistributionCreateManifestStep
2018-08-22 09:38:59 +0000  Skipping step: IDEDistributionCreateManifestStep because it said so
